{"/home/travis/build/npmtest/node-npmtest-torrent-cloud/test.js":{"path":"/home/travis/build/npmtest/node-npmtest-torrent-cloud/test.js","s":{"1":2,"2":2,"3":2,"4":2,"5":2,"6":2,"7":2,"8":1,"9":2,"10":2,"11":1,"12":1,"13":1,"14":1,"15":2,"16":2,"17":2,"18":2,"19":1,"20":1,"21":2,"22":2,"23":2,"24":1,"25":1,"26":1,"27":1,"28":1,"29":1,"30":1,"31":1,"32":1,"33":1,"34":1,"35":1,"36":1,"37":1,"38":1,"39":2,"40":2,"41":1,"42":2,"43":2,"44":1,"45":2,"46":2,"47":1,"48":2,"49":2,"50":1,"51":1,"52":1,"53":1,"54":1},"b":{"1":[2,1,1,1],"2":[1,1,1,1],"3":[1,1],"4":[1,1],"5":[1,1],"6":[1,1],"7":[1,1],"8":[1,1],"9":[1,1],"10":[1,1,1],"11":[1,1],"12":[1,1],"13":[1,1],"14":[1,1],"15":[1,1],"16":[1,1],"17":[1,1]},"f":{"1":2,"2":2,"3":2,"4":2,"5":2,"6":1,"7":1,"8":1,"9":2,"10":2,"11":2,"12":2,"13":1},"fnMap":{"1":{"name":"(anonymous_1)","line":12,"loc":{"start":{"line":12,"column":1},"end":{"line":12,"column":13}}},"2":{"name":"(anonymous_2)","line":19,"loc":{"start":{"line":19,"column":5},"end":{"line":19,"column":17}}},"3":{"name":"(anonymous_3)","line":23,"loc":{"start":{"line":23,"column":24},"end":{"line":23,"column":36}}},"4":{"name":"(anonymous_4)","line":61,"loc":{"start":{"line":61,"column":5},"end":{"line":61,"column":17}}},"5":{"name":"(anonymous_5)","line":82,"loc":{"start":{"line":82,"column":5},"end":{"line":82,"column":17}}},"6":{"name":"(anonymous_6)","line":91,"loc":{"start":{"line":91,"column":77},"end":{"line":94,"column":10}}},"7":{"name":"(anonymous_7)","line":112,"loc":{"start":{"line":112,"column":83},"end":{"line":115,"column":10}},"skip":true},"8":{"name":"(anonymous_8)","line":123,"loc":{"start":{"line":123,"column":77},"end":{"line":126,"column":10}},"skip":true},"9":{"name":"(anonymous_9)","line":139,"loc":{"start":{"line":139,"column":12},"end":{"line":139,"column":40}},"skip":true},"10":{"name":"(anonymous_10)","line":147,"loc":{"start":{"line":147,"column":77},"end":{"line":150,"column":10}},"skip":true},"11":{"name":"(anonymous_11)","line":158,"loc":{"start":{"line":158,"column":83},"end":{"line":161,"column":10}},"skip":true},"12":{"name":"(anonymous_12)","line":169,"loc":{"start":{"line":169,"column":79},"end":{"line":172,"column":10}},"skip":true},"13":{"name":"(anonymous_13)","line":180,"loc":{"start":{"line":180,"column":75},"end":{"line":183,"column":10}},"skip":true}},"statementMap":{"1":{"start":{"line":12,"column":0},"end":{"line":195,"column":5}},"2":{"start":{"line":14,"column":4},"end":{"line":14,"column":14}},"3":{"start":{"line":19,"column":4},"end":{"line":56,"column":9}},"4":{"start":{"line":21,"column":8},"end":{"line":21,"column":19}},"5":{"start":{"line":23,"column":8},"end":{"line":35,"column":13}},"6":{"start":{"line":24,"column":12},"end":{"line":34,"column":13}},"7":{"start":{"line":25,"column":16},"end":{"line":28,"column":30}},"8":{"start":{"line":30,"column":16},"end":{"line":33,"column":27}},"9":{"start":{"line":37,"column":8},"end":{"line":39,"column":21}},"10":{"start":{"line":40,"column":8},"end":{"line":53,"column":9}},"11":{"start":{"line":43,"column":12},"end":{"line":46,"column":14}},"12":{"start":{"line":47,"column":12},"end":{"line":47,"column":18}},"13":{"start":{"line":50,"column":12},"end":{"line":51,"column":46}},"14":{"start":{"line":52,"column":12},"end":{"line":52,"column":18}},"15":{"start":{"line":55,"column":8},"end":{"line":55,"column":35}},"16":{"start":{"line":61,"column":4},"end":{"line":63,"column":9}},"17":{"start":{"line":62,"column":8},"end":{"line":62,"column":15}},"18":{"start":{"line":64,"column":4},"end":{"line":77,"column":5}},"19":{"start":{"line":70,"column":8},"end":{"line":70,"column":14}},"20":{"start":{"line":76,"column":8},"end":{"line":76,"column":14}},"21":{"start":{"line":82,"column":4},"end":{"line":84,"column":9}},"22":{"start":{"line":83,"column":8},"end":{"line":83,"column":15}},"23":{"start":{"line":85,"column":4},"end":{"line":194,"column":5}},"24":{"start":{"line":91,"column":8},"end":{"line":99,"column":10}},"25":{"start":{"line":98,"column":12},"end":{"line":98,"column":35}},"26":{"start":{"line":102,"column":8},"end":{"line":104,"column":63}},"27":{"start":{"line":105,"column":8},"end":{"line":105,"column":14}},"28":{"start":{"line":112,"column":8},"end":{"line":121,"column":10},"skip":true},"29":{"start":{"line":119,"column":12},"end":{"line":119,"column":55},"skip":true},"30":{"start":{"line":120,"column":12},"end":{"line":120,"column":48},"skip":true},"31":{"start":{"line":123,"column":8},"end":{"line":136,"column":10},"skip":true},"32":{"start":{"line":130,"column":12},"end":{"line":130,"column":76},"skip":true},"33":{"start":{"line":131,"column":12},"end":{"line":131,"column":73},"skip":true},"34":{"start":{"line":132,"column":12},"end":{"line":132,"column":74},"skip":true},"35":{"start":{"line":133,"column":12},"end":{"line":133,"column":79},"skip":true},"36":{"start":{"line":134,"column":12},"end":{"line":134,"column":25},"skip":true},"37":{"start":{"line":135,"column":12},"end":{"line":135,"column":45},"skip":true},"38":{"start":{"line":138,"column":8},"end":{"line":145,"column":14},"skip":true},"39":{"start":{"line":143,"column":16},"end":{"line":143,"column":29},"skip":true},"40":{"start":{"line":144,"column":16},"end":{"line":144,"column":55},"skip":true},"41":{"start":{"line":147,"column":8},"end":{"line":156,"column":10},"skip":true},"42":{"start":{"line":154,"column":12},"end":{"line":154,"column":25},"skip":true},"43":{"start":{"line":155,"column":12},"end":{"line":155,"column":45},"skip":true},"44":{"start":{"line":158,"column":8},"end":{"line":167,"column":10},"skip":true},"45":{"start":{"line":165,"column":12},"end":{"line":165,"column":25},"skip":true},"46":{"start":{"line":166,"column":12},"end":{"line":166,"column":48},"skip":true},"47":{"start":{"line":169,"column":8},"end":{"line":178,"column":10},"skip":true},"48":{"start":{"line":176,"column":12},"end":{"line":176,"column":25},"skip":true},"49":{"start":{"line":177,"column":12},"end":{"line":177,"column":46},"skip":true},"50":{"start":{"line":180,"column":8},"end":{"line":189,"column":10},"skip":true},"51":{"start":{"line":187,"column":12},"end":{"line":187,"column":94},"skip":true},"52":{"start":{"line":188,"column":12},"end":{"line":188,"column":48},"skip":true},"53":{"start":{"line":192,"column":8},"end":{"line":192,"column":35},"skip":true},"54":{"start":{"line":193,"column":8},"end":{"line":193,"column":14},"skip":true}},"branchMap":{"1":{"line":25,"type":"binary-expr","locations":[{"start":{"line":25,"column":23},"end":{"line":25,"column":62}},{"start":{"line":26,"column":20},"end":{"line":26,"column":70}},{"start":{"line":27,"column":20},"end":{"line":27,"column":71}},{"start":{"line":28,"column":20},"end":{"line":28,"column":29}}]},"2":{"line":30,"type":"binary-expr","locations":[{"start":{"line":30,"column":23},"end":{"line":30,"column":37}},{"start":{"line":31,"column":20},"end":{"line":31,"column":61}},{"start":{"line":32,"column":20},"end":{"line":32,"column":70}},{"start":{"line":33,"column":20},"end":{"line":33,"column":26}}]},"3":{"line":37,"type":"cond-expr","locations":[{"start":{"line":38,"column":14},"end":{"line":38,"column":20}},{"start":{"line":39,"column":14},"end":{"line":39,"column":20}}]},"4":{"line":40,"type":"switch","locations":[{"start":{"line":42,"column":8},"end":{"line":47,"column":18}},{"start":{"line":49,"column":8},"end":{"line":52,"column":18}}]},"5":{"line":44,"type":"binary-expr","locations":[{"start":{"line":44,"column":16},"end":{"line":44,"column":44}},{"start":{"line":44,"column":48},"end":{"line":44,"column":66}}]},"6":{"line":50,"type":"binary-expr","locations":[{"start":{"line":50,"column":21},"end":{"line":50,"column":49}},{"start":{"line":50,"column":53},"end":{"line":50,"column":72}}]},"7":{"line":64,"type":"switch","locations":[{"start":{"line":69,"column":4},"end":{"line":70,"column":14}},{"start":{"line":75,"column":4},"end":{"line":76,"column":14}}]},"8":{"line":85,"type":"switch","locations":[{"start":{"line":90,"column":4},"end":{"line":105,"column":14}},{"start":{"line":111,"column":4},"end":{"line":193,"column":14},"skip":true}]},"9":{"line":91,"type":"binary-expr","locations":[{"start":{"line":91,"column":42},"end":{"line":91,"column":73}},{"start":{"line":91,"column":77},"end":{"line":99,"column":9}}]},"10":{"line":102,"type":"binary-expr","locations":[{"start":{"line":102,"column":18},"end":{"line":102,"column":32}},{"start":{"line":103,"column":12},"end":{"line":103,"column":53}},{"start":{"line":104,"column":12},"end":{"line":104,"column":61}}]},"11":{"line":112,"type":"binary-expr","locations":[{"start":{"line":112,"column":45},"end":{"line":112,"column":79},"skip":true},{"start":{"line":112,"column":83},"end":{"line":121,"column":9},"skip":true}]},"12":{"line":123,"type":"binary-expr","locations":[{"start":{"line":123,"column":42},"end":{"line":123,"column":73},"skip":true},{"start":{"line":123,"column":77},"end":{"line":136,"column":9},"skip":true}]},"13":{"line":138,"type":"binary-expr","locations":[{"start":{"line":138,"column":48},"end":{"line":138,"column":85},"skip":true},{"start":{"line":139,"column":12},"end":{"line":145,"column":13},"skip":true}]},"14":{"line":147,"type":"binary-expr","locations":[{"start":{"line":147,"column":42},"end":{"line":147,"column":73},"skip":true},{"start":{"line":147,"column":77},"end":{"line":156,"column":9},"skip":true}]},"15":{"line":158,"type":"binary-expr","locations":[{"start":{"line":158,"column":45},"end":{"line":158,"column":79},"skip":true},{"start":{"line":158,"column":83},"end":{"line":167,"column":9},"skip":true}]},"16":{"line":169,"type":"binary-expr","locations":[{"start":{"line":169,"column":43},"end":{"line":169,"column":75},"skip":true},{"start":{"line":169,"column":79},"end":{"line":178,"column":9},"skip":true}]},"17":{"line":180,"type":"binary-expr","locations":[{"start":{"line":180,"column":41},"end":{"line":180,"column":71},"skip":true},{"start":{"line":180,"column":75},"end":{"line":189,"column":9},"skip":true}]}},"code":["/* istanbul instrument in package npmtest_torrent_cloud */","/*jslint","    bitwise: true,","    browser: true,","    maxerr: 8,","    maxlen: 96,","    node: true,","    nomen: true,","    regexp: true,","    stupid: true","*/","(function () {","    'use strict';","    var local;","","","","    // run shared js-env code - pre-init","    (function () {","        // init local","        local = {};","        // init modeJs","        local.modeJs = (function () {","            try {","                return typeof navigator.userAgent === 'string' &&","                    typeof document.querySelector('body') === 'object' &&","                    typeof XMLHttpRequest.prototype.open === 'function' &&","                    'browser';","            } catch (errorCaughtBrowser) {","                return module.exports &&","                    typeof process.versions.node === 'string' &&","                    typeof require('http').createServer === 'function' &&","                    'node';","            }","        }());","        // init global","        local.global = local.modeJs === 'browser'","            ? window","            : global;","        switch (local.modeJs) {","        // re-init local from window.local","        case 'browser':","            local = local.global.utility2.objectSetDefault(","                local.global.utility2_rollup || local.global.local,","                local.global.utility2","            );","            break;","        // re-init local from example.js","        case 'node':","            local = (local.global.utility2_rollup || require('utility2'))","                .requireExampleJsFromReadme();","            break;","        }","        // export local","        local.global.local = local;","    }());","","","","    // run shared js-env code - function","    (function () {","        return;","    }());","    switch (local.modeJs) {","","","","    // run browser js-env code - function","    case 'browser':","        break;","","","","    // run node js-env code - function","    case 'node':","        break;","    }","","","","    // run shared js-env code - post-init","    (function () {","        return;","    }());","    switch (local.modeJs) {","","","","    // run browser js-env code - post-init","    case 'browser':","        local.testCase_browser_nullCase = local.testCase_browser_nullCase || function (","            options,","            onError","        ) {","        /*","         * this function will test browsers's null-case handling-behavior-behavior","         */","            onError(null, options);","        };","","        // run tests","        local.nop(local.modeTest &&","            document.querySelector('#testRunButton1') &&","            document.querySelector('#testRunButton1').click());","        break;","","","","    // run node js-env code - post-init","    /* istanbul ignore next */","    case 'node':","        local.testCase_buildApidoc_default = local.testCase_buildApidoc_default || function (","            options,","            onError","        ) {","        /*","         * this function will test buildApidoc's default handling-behavior-behavior","         */","            options = { modulePathList: module.paths };","            local.buildApidoc(options, onError);","        };","","        local.testCase_buildApp_default = local.testCase_buildApp_default || function (","            options,","            onError","        ) {","        /*","         * this function will test buildApp's default handling-behavior-behavior","         */","            local.testCase_buildReadme_default(options, local.onErrorThrow);","            local.testCase_buildLib_default(options, local.onErrorThrow);","            local.testCase_buildTest_default(options, local.onErrorThrow);","            local.testCase_buildCustomOrg_default(options, local.onErrorThrow);","            options = [];","            local.buildApp(options, onError);","        };","","        local.testCase_buildCustomOrg_default = local.testCase_buildCustomOrg_default ||","            function (options, onError) {","            /*","             * this function will test buildCustomOrg's default handling-behavior","             */","                options = {};","                local.buildCustomOrg(options, onError);","            };","","        local.testCase_buildLib_default = local.testCase_buildLib_default || function (","            options,","            onError","        ) {","        /*","         * this function will test buildLib's default handling-behavior","         */","            options = {};","            local.buildLib(options, onError);","        };","","        local.testCase_buildReadme_default = local.testCase_buildReadme_default || function (","            options,","            onError","        ) {","        /*","         * this function will test buildReadme's default handling-behavior-behavior","         */","            options = {};","            local.buildReadme(options, onError);","        };","","        local.testCase_buildTest_default = local.testCase_buildTest_default || function (","            options,","            onError","        ) {","        /*","         * this function will test buildTest's default handling-behavior","         */","            options = {};","            local.buildTest(options, onError);","        };","","        local.testCase_webpage_default = local.testCase_webpage_default || function (","            options,","            onError","        ) {","        /*","         * this function will test webpage's default handling-behavior","         */","            options = { modeCoverageMerge: true, url: local.serverLocalHost + '?modeTest=1' };","            local.browserTest(options, onError);","        };","","        // run test-server","        local.testRunServer(local);","        break;","    }","}());",""],"l":{"12":2,"14":2,"19":2,"21":2,"23":2,"24":2,"25":2,"30":1,"37":2,"40":2,"43":1,"47":1,"50":1,"52":1,"55":2,"61":2,"62":2,"64":2,"70":1,"76":1,"82":2,"83":2,"85":2,"91":1,"98":1,"102":1,"105":1,"112":1,"119":1,"120":1,"123":1,"130":1,"131":1,"132":1,"133":1,"134":1,"135":1,"138":1,"143":2,"144":2,"147":1,"154":2,"155":2,"158":1,"165":2,"166":2,"169":1,"176":2,"177":2,"180":1,"187":1,"188":1,"192":1,"193":1}},"/home/travis/build/npmtest/node-npmtest-torrent-cloud/lib.npmtest_torrent_cloud.js":{"path":"/home/travis/build/npmtest/node-npmtest-torrent-cloud/lib.npmtest_torrent_cloud.js","s":{"1":2,"2":2,"3":2,"4":2,"5":2,"6":2,"7":2,"8":1,"9":2,"10":2,"11":2,"12":2,"13":1,"14":1,"15":1,"16":1},"b":{"1":[2,1,1,1],"2":[1,1,1,1],"3":[1,1],"4":[2,2],"5":[1,1]},"f":{"1":2,"2":2,"3":2},"fnMap":{"1":{"name":"(anonymous_1)","line":12,"loc":{"start":{"line":12,"column":1},"end":{"line":12,"column":13}}},"2":{"name":"(anonymous_2)","line":19,"loc":{"start":{"line":19,"column":5},"end":{"line":19,"column":17}}},"3":{"name":"(anonymous_3)","line":23,"loc":{"start":{"line":23,"column":24},"end":{"line":23,"column":36}}}},"statementMap":{"1":{"start":{"line":12,"column":0},"end":{"line":53,"column":5}},"2":{"start":{"line":14,"column":4},"end":{"line":14,"column":14}},"3":{"start":{"line":19,"column":4},"end":{"line":52,"column":9}},"4":{"start":{"line":21,"column":8},"end":{"line":21,"column":19}},"5":{"start":{"line":23,"column":8},"end":{"line":35,"column":13}},"6":{"start":{"line":24,"column":12},"end":{"line":34,"column":13}},"7":{"start":{"line":25,"column":16},"end":{"line":28,"column":30}},"8":{"start":{"line":30,"column":16},"end":{"line":33,"column":27}},"9":{"start":{"line":37,"column":8},"end":{"line":39,"column":21}},"10":{"start":{"line":41,"column":8},"end":{"line":41,"column":54}},"11":{"start":{"line":43,"column":8},"end":{"line":43,"column":58}},"12":{"start":{"line":45,"column":8},"end":{"line":51,"column":9}},"13":{"start":{"line":46,"column":12},"end":{"line":46,"column":64}},"14":{"start":{"line":48,"column":12},"end":{"line":48,"column":35}},"15":{"start":{"line":49,"column":12},"end":{"line":49,"column":49}},"16":{"start":{"line":50,"column":12},"end":{"line":50,"column":43}}},"branchMap":{"1":{"line":25,"type":"binary-expr","locations":[{"start":{"line":25,"column":23},"end":{"line":25,"column":62}},{"start":{"line":26,"column":20},"end":{"line":26,"column":70}},{"start":{"line":27,"column":20},"end":{"line":27,"column":71}},{"start":{"line":28,"column":20},"end":{"line":28,"column":29}}]},"2":{"line":30,"type":"binary-expr","locations":[{"start":{"line":30,"column":23},"end":{"line":30,"column":37}},{"start":{"line":31,"column":20},"end":{"line":31,"column":61}},{"start":{"line":32,"column":20},"end":{"line":32,"column":70}},{"start":{"line":33,"column":20},"end":{"line":33,"column":26}}]},"3":{"line":37,"type":"cond-expr","locations":[{"start":{"line":38,"column":14},"end":{"line":38,"column":20}},{"start":{"line":39,"column":14},"end":{"line":39,"column":20}}]},"4":{"line":41,"type":"binary-expr","locations":[{"start":{"line":41,"column":16},"end":{"line":41,"column":44}},{"start":{"line":41,"column":48},"end":{"line":41,"column":53}}]},"5":{"line":45,"type":"if","locations":[{"start":{"line":45,"column":8},"end":{"line":45,"column":8}},{"start":{"line":45,"column":8},"end":{"line":45,"column":8}}]}},"code":["/* istanbul instrument in package npmtest_torrent_cloud */","/*jslint","    bitwise: true,","    browser: true,","    maxerr: 8,","    maxlen: 96,","    node: true,","    nomen: true,","    regexp: true,","    stupid: true","*/","(function () {","    'use strict';","    var local;","","","","    // run shared js-env code - pre-init","    (function () {","        // init local","        local = {};","        // init modeJs","        local.modeJs = (function () {","            try {","                return typeof navigator.userAgent === 'string' &&","                    typeof document.querySelector('body') === 'object' &&","                    typeof XMLHttpRequest.prototype.open === 'function' &&","                    'browser';","            } catch (errorCaughtBrowser) {","                return module.exports &&","                    typeof process.versions.node === 'string' &&","                    typeof require('http').createServer === 'function' &&","                    'node';","            }","        }());","        // init global","        local.global = local.modeJs === 'browser'","            ? window","            : global;","        // init utility2_rollup","        local = local.global.utility2_rollup || local;","        // init lib","        local.local = local.npmtest_torrent_cloud = local;","        // init exports","        if (local.modeJs === 'browser') {","            local.global.utility2_npmtest_torrent_cloud = local;","        } else {","            module.exports = local;","            module.exports.__dirname = __dirname;","            module.exports.module = module;","        }","    }());","}());",""],"l":{"12":2,"14":2,"19":2,"21":2,"23":2,"24":2,"25":2,"30":1,"37":2,"41":2,"43":2,"45":2,"46":1,"48":1,"49":1,"50":1}},"/home/travis/build/npmtest/node-npmtest-torrent-cloud/example.js":{"path":"/home/travis/build/npmtest/node-npmtest-torrent-cloud/example.js","s":{"1":2,"2":2,"3":2,"4":2,"5":2,"6":2,"7":2,"8":1,"9":2,"10":2,"11":2,"12":2,"13":1,"14":2,"15":2,"16":2,"17":2,"18":2,"19":0,"20":2,"21":1,"22":1,"23":1,"24":1,"25":1,"26":0,"27":0,"28":1,"29":1,"30":2,"31":0,"32":0,"33":0,"34":1,"35":2,"36":2,"37":3,"38":3,"39":3,"40":3,"41":0,"42":3,"43":3,"44":3,"45":1,"46":3,"47":1,"48":1,"49":1,"50":1,"51":1,"52":1,"53":1,"54":1,"55":1,"56":1,"57":0,"58":1,"59":6,"60":6,"61":1,"62":2,"63":0,"64":2,"65":1,"66":1,"67":0,"68":0,"69":0,"70":0,"71":0,"72":0,"73":0,"74":0,"75":0,"76":0,"77":0,"78":0,"79":0,"80":0,"81":0,"82":0,"83":0},"b":{"1":[2,1,1,1],"2":[1,1,1,1],"3":[1,1],"4":[2,2],"5":[1,1],"6":[1,1],"7":[2,0],"8":[2,1,1,1,1,1],"9":[0,2,0],"10":[1,1],"11":[2,1,1],"12":[1,0],"13":[0,2],"14":[2,0,0,0,0,0,0],"15":[0,3],"16":[3,0],"17":[1,1],"18":[0,1],"19":[1,2,0,2],"20":[1,0],"21":[1,1],"22":[0,0],"23":[0,0],"24":[0,0],"25":[0,0],"26":[0,0],"27":[0,0],"28":[0,0]},"f":{"1":2,"2":2,"3":2,"4":2,"5":2,"6":2,"7":3,"8":3,"9":3,"10":1,"11":6,"12":0},"fnMap":{"1":{"name":"(anonymous_1)","line":26,"loc":{"start":{"line":26,"column":1},"end":{"line":26,"column":13}}},"2":{"name":"(anonymous_2)","line":33,"loc":{"start":{"line":33,"column":5},"end":{"line":33,"column":17}}},"3":{"name":"(anonymous_3)","line":37,"loc":{"start":{"line":37,"column":24},"end":{"line":37,"column":36}}},"4":{"name":"(anonymous_4)","line":69,"loc":{"start":{"line":69,"column":31},"end":{"line":69,"column":48}},"skip":true},"5":{"name":"(anonymous_5)","line":78,"loc":{"start":{"line":78,"column":26},"end":{"line":78,"column":45}},"skip":true},"6":{"name":"(anonymous_6)","line":123,"loc":{"start":{"line":123,"column":33},"end":{"line":123,"column":48}},"skip":true},"7":{"name":"(anonymous_7)","line":125,"loc":{"start":{"line":125,"column":27},"end":{"line":125,"column":39}},"skip":true},"8":{"name":"(anonymous_8)","line":133,"loc":{"start":{"line":133,"column":59},"end":{"line":133,"column":74}},"skip":true},"9":{"name":"(anonymous_9)","line":143,"loc":{"start":{"line":143,"column":45},"end":{"line":143,"column":62}},"skip":true},"10":{"name":"(anonymous_10)","line":144,"loc":{"start":{"line":144,"column":73},"end":{"line":144,"column":92}},"skip":true},"11":{"name":"(anonymous_11)","line":272,"loc":{"start":{"line":272,"column":51},"end":{"line":272,"column":77}},"skip":true},"12":{"name":"(anonymous_12)","line":315,"loc":{"start":{"line":315,"column":32},"end":{"line":315,"column":61}},"skip":true}},"statementMap":{"1":{"start":{"line":26,"column":0},"end":{"line":326,"column":5}},"2":{"start":{"line":28,"column":4},"end":{"line":28,"column":14}},"3":{"start":{"line":33,"column":4},"end":{"line":60,"column":9}},"4":{"start":{"line":35,"column":8},"end":{"line":35,"column":19}},"5":{"start":{"line":37,"column":8},"end":{"line":49,"column":13}},"6":{"start":{"line":38,"column":12},"end":{"line":48,"column":13}},"7":{"start":{"line":39,"column":16},"end":{"line":42,"column":30}},"8":{"start":{"line":44,"column":16},"end":{"line":47,"column":27}},"9":{"start":{"line":51,"column":8},"end":{"line":53,"column":21}},"10":{"start":{"line":55,"column":8},"end":{"line":57,"column":45}},"11":{"start":{"line":59,"column":8},"end":{"line":59,"column":35}},"12":{"start":{"line":61,"column":4},"end":{"line":325,"column":5}},"13":{"start":{"line":69,"column":8},"end":{"line":121,"column":10},"skip":true},"14":{"start":{"line":70,"column":12},"end":{"line":88,"column":13},"skip":true},"15":{"start":{"line":76,"column":16},"end":{"line":87,"column":19},"skip":true},"16":{"start":{"line":79,"column":20},"end":{"line":86,"column":21},"skip":true},"17":{"start":{"line":82,"column":24},"end":{"line":82,"column":43},"skip":true},"18":{"start":{"line":83,"column":24},"end":{"line":83,"column":30},"skip":true},"19":{"start":{"line":85,"column":24},"end":{"line":85,"column":49},"skip":true},"20":{"start":{"line":89,"column":12},"end":{"line":107,"column":13},"skip":true},"21":{"start":{"line":92,"column":16},"end":{"line":102,"column":17},"skip":true},"22":{"start":{"line":93,"column":20},"end":{"line":93,"column":86},"skip":true},"23":{"start":{"line":94,"column":20},"end":{"line":95,"column":45},"skip":true},"24":{"start":{"line":96,"column":20},"end":{"line":96,"column":42},"skip":true},"25":{"start":{"line":97,"column":20},"end":{"line":97,"column":48},"skip":true},"26":{"start":{"line":100,"column":20},"end":{"line":100,"column":85},"skip":true},"27":{"start":{"line":101,"column":20},"end":{"line":101,"column":96},"skip":true},"28":{"start":{"line":103,"column":16},"end":{"line":103,"column":22},"skip":true},"29":{"start":{"line":106,"column":16},"end":{"line":106,"column":22},"skip":true},"30":{"start":{"line":108,"column":12},"end":{"line":120,"column":13},"skip":true},"31":{"start":{"line":114,"column":16},"end":{"line":119,"column":17},"skip":true},"32":{"start":{"line":116,"column":20},"end":{"line":116,"column":78},"skip":true},"33":{"start":{"line":118,"column":20},"end":{"line":118,"column":47},"skip":true},"34":{"start":{"line":123,"column":8},"end":{"line":141,"column":11},"skip":true},"35":{"start":{"line":124,"column":12},"end":{"line":124,"column":54},"skip":true},"36":{"start":{"line":125,"column":12},"end":{"line":140,"column":14},"skip":true},"37":{"start":{"line":126,"column":16},"end":{"line":126,"column":28},"skip":true},"38":{"start":{"line":127,"column":16},"end":{"line":127,"column":69},"skip":true},"39":{"start":{"line":128,"column":16},"end":{"line":128,"column":75},"skip":true},"40":{"start":{"line":129,"column":16},"end":{"line":131,"column":17},"skip":true},"41":{"start":{"line":130,"column":20},"end":{"line":130,"column":27},"skip":true},"42":{"start":{"line":133,"column":16},"end":{"line":137,"column":36},"skip":true},"43":{"start":{"line":134,"column":20},"end":{"line":136,"column":55},"skip":true},"44":{"start":{"line":139,"column":16},"end":{"line":139,"column":57},"skip":true},"45":{"start":{"line":143,"column":8},"end":{"line":147,"column":11},"skip":true},"46":{"start":{"line":144,"column":12},"end":{"line":146,"column":15},"skip":true},"47":{"start":{"line":145,"column":16},"end":{"line":145,"column":70},"skip":true},"48":{"start":{"line":149,"column":8},"end":{"line":149,"column":31},"skip":true},"49":{"start":{"line":150,"column":8},"end":{"line":150,"column":14},"skip":true},"50":{"start":{"line":158,"column":8},"end":{"line":158,"column":31},"skip":true},"51":{"start":{"line":160,"column":8},"end":{"line":160,"column":33},"skip":true},"52":{"start":{"line":161,"column":8},"end":{"line":161,"column":37},"skip":true},"53":{"start":{"line":162,"column":8},"end":{"line":162,"column":35},"skip":true},"54":{"start":{"line":164,"column":8},"end":{"line":164,"column":50},"skip":true},"55":{"start":{"line":166,"column":8},"end":{"line":256,"column":2},"skip":true},"56":{"start":{"line":258,"column":8},"end":{"line":286,"column":9},"skip":true},"57":{"start":{"line":259,"column":12},"end":{"line":269,"column":14},"skip":true},"58":{"start":{"line":271,"column":12},"end":{"line":285,"column":19},"skip":true},"59":{"start":{"line":274,"column":20},"end":{"line":274,"column":35},"skip":true},"60":{"start":{"line":275,"column":20},"end":{"line":284,"column":21},"skip":true},"61":{"start":{"line":277,"column":24},"end":{"line":277,"column":64},"skip":true},"62":{"start":{"line":279,"column":24},"end":{"line":279,"column":40},"skip":true},"63":{"start":{"line":281,"column":24},"end":{"line":281,"column":40},"skip":true},"64":{"start":{"line":283,"column":24},"end":{"line":283,"column":39},"skip":true},"65":{"start":{"line":288,"column":8},"end":{"line":290,"column":9},"skip":true},"66":{"start":{"line":289,"column":12},"end":{"line":289,"column":18},"skip":true},"67":{"start":{"line":291,"column":8},"end":{"line":293,"column":54},"skip":true},"68":{"start":{"line":296,"column":8},"end":{"line":301,"column":37},"skip":true},"69":{"start":{"line":303,"column":8},"end":{"line":303,"column":82},"skip":true},"70":{"start":{"line":306,"column":8},"end":{"line":308,"column":9},"skip":true},"71":{"start":{"line":307,"column":12},"end":{"line":307,"column":82},"skip":true},"72":{"start":{"line":310,"column":8},"end":{"line":312,"column":9},"skip":true},"73":{"start":{"line":311,"column":12},"end":{"line":311,"column":18},"skip":true},"74":{"start":{"line":313,"column":8},"end":{"line":313,"column":54},"skip":true},"75":{"start":{"line":314,"column":8},"end":{"line":314,"column":69},"skip":true},"76":{"start":{"line":315,"column":8},"end":{"line":323,"column":36},"skip":true},"77":{"start":{"line":316,"column":12},"end":{"line":316,"column":61},"skip":true},"78":{"start":{"line":317,"column":12},"end":{"line":320,"column":13},"skip":true},"79":{"start":{"line":318,"column":16},"end":{"line":318,"column":75},"skip":true},"80":{"start":{"line":319,"column":16},"end":{"line":319,"column":23},"skip":true},"81":{"start":{"line":321,"column":12},"end":{"line":321,"column":38},"skip":true},"82":{"start":{"line":322,"column":12},"end":{"line":322,"column":27},"skip":true},"83":{"start":{"line":324,"column":8},"end":{"line":324,"column":14},"skip":true}},"branchMap":{"1":{"line":39,"type":"binary-expr","locations":[{"start":{"line":39,"column":23},"end":{"line":39,"column":62}},{"start":{"line":40,"column":20},"end":{"line":40,"column":70}},{"start":{"line":41,"column":20},"end":{"line":41,"column":71}},{"start":{"line":42,"column":20},"end":{"line":42,"column":29}}]},"2":{"line":44,"type":"binary-expr","locations":[{"start":{"line":44,"column":23},"end":{"line":44,"column":37}},{"start":{"line":45,"column":20},"end":{"line":45,"column":61}},{"start":{"line":46,"column":20},"end":{"line":46,"column":70}},{"start":{"line":47,"column":20},"end":{"line":47,"column":26}}]},"3":{"line":51,"type":"cond-expr","locations":[{"start":{"line":52,"column":14},"end":{"line":52,"column":20}},{"start":{"line":53,"column":14},"end":{"line":53,"column":20}}]},"4":{"line":55,"type":"binary-expr","locations":[{"start":{"line":55,"column":16},"end":{"line":55,"column":44}},{"start":{"line":55,"column":49},"end":{"line":57,"column":43}}]},"5":{"line":55,"type":"cond-expr","locations":[{"start":{"line":56,"column":14},"end":{"line":56,"column":57}},{"start":{"line":57,"column":14},"end":{"line":57,"column":43}}]},"6":{"line":61,"type":"switch","locations":[{"start":{"line":68,"column":4},"end":{"line":150,"column":14},"skip":true},{"start":{"line":156,"column":4},"end":{"line":324,"column":14},"skip":true}]},"7":{"line":70,"type":"if","locations":[{"start":{"line":70,"column":12},"end":{"line":70,"column":12},"skip":true},{"start":{"line":70,"column":12},"end":{"line":70,"column":12},"skip":true}]},"8":{"line":70,"type":"binary-expr","locations":[{"start":{"line":70,"column":16},"end":{"line":70,"column":22},"skip":true},{"start":{"line":70,"column":27},"end":{"line":70,"column":32},"skip":true},{"start":{"line":71,"column":20},"end":{"line":71,"column":39},"skip":true},{"start":{"line":72,"column":20},"end":{"line":72,"column":49},"skip":true},{"start":{"line":73,"column":20},"end":{"line":73,"column":58},"skip":true},{"start":{"line":74,"column":20},"end":{"line":74,"column":69},"skip":true}]},"9":{"line":79,"type":"switch","locations":[{"start":{"line":80,"column":20},"end":{"line":80,"column":33},"skip":true},{"start":{"line":81,"column":20},"end":{"line":83,"column":30},"skip":true},{"start":{"line":84,"column":20},"end":{"line":85,"column":49},"skip":true}]},"10":{"line":89,"type":"switch","locations":[{"start":{"line":90,"column":12},"end":{"line":103,"column":22},"skip":true},{"start":{"line":105,"column":12},"end":{"line":106,"column":22},"skip":true}]},"11":{"line":89,"type":"binary-expr","locations":[{"start":{"line":89,"column":20},"end":{"line":89,"column":25},"skip":true},{"start":{"line":89,"column":29},"end":{"line":89,"column":48},"skip":true},{"start":{"line":89,"column":52},"end":{"line":89,"column":74},"skip":true}]},"12":{"line":92,"type":"if","locations":[{"start":{"line":92,"column":16},"end":{"line":92,"column":16},"skip":true},{"start":{"line":92,"column":16},"end":{"line":92,"column":16},"skip":true}]},"13":{"line":108,"type":"if","locations":[{"start":{"line":108,"column":12},"end":{"line":108,"column":12},"skip":true},{"start":{"line":108,"column":12},"end":{"line":108,"column":12},"skip":true}]},"14":{"line":108,"type":"binary-expr","locations":[{"start":{"line":108,"column":16},"end":{"line":108,"column":61},"skip":true},{"start":{"line":108,"column":66},"end":{"line":108,"column":72},"skip":true},{"start":{"line":108,"column":77},"end":{"line":108,"column":82},"skip":true},{"start":{"line":109,"column":20},"end":{"line":109,"column":39},"skip":true},{"start":{"line":110,"column":20},"end":{"line":110,"column":49},"skip":true},{"start":{"line":111,"column":20},"end":{"line":111,"column":58},"skip":true},{"start":{"line":112,"column":20},"end":{"line":112,"column":68},"skip":true}]},"15":{"line":129,"type":"if","locations":[{"start":{"line":129,"column":16},"end":{"line":129,"column":16},"skip":true},{"start":{"line":129,"column":16},"end":{"line":129,"column":16},"skip":true}]},"16":{"line":134,"type":"cond-expr","locations":[{"start":{"line":135,"column":26},"end":{"line":135,"column":29},"skip":true},{"start":{"line":136,"column":26},"end":{"line":136,"column":54},"skip":true}]},"17":{"line":164,"type":"binary-expr","locations":[{"start":{"line":164,"column":27},"end":{"line":164,"column":43},"skip":true},{"start":{"line":164,"column":47},"end":{"line":164,"column":49},"skip":true}]},"18":{"line":258,"type":"if","locations":[{"start":{"line":258,"column":8},"end":{"line":258,"column":8},"skip":true},{"start":{"line":258,"column":8},"end":{"line":258,"column":8},"skip":true}]},"19":{"line":275,"type":"switch","locations":[{"start":{"line":276,"column":20},"end":{"line":277,"column":64},"skip":true},{"start":{"line":278,"column":20},"end":{"line":279,"column":40},"skip":true},{"start":{"line":280,"column":20},"end":{"line":281,"column":40},"skip":true},{"start":{"line":282,"column":20},"end":{"line":283,"column":39},"skip":true}]},"20":{"line":288,"type":"if","locations":[{"start":{"line":288,"column":8},"end":{"line":288,"column":8},"skip":true},{"start":{"line":288,"column":8},"end":{"line":288,"column":8},"skip":true}]},"21":{"line":288,"type":"binary-expr","locations":[{"start":{"line":288,"column":12},"end":{"line":288,"column":40},"skip":true},{"start":{"line":288,"column":44},"end":{"line":288,"column":67},"skip":true}]},"22":{"line":292,"type":"binary-expr","locations":[{"start":{"line":292,"column":12},"end":{"line":292,"column":50},"skip":true},{"start":{"line":293,"column":12},"end":{"line":293,"column":53},"skip":true}]},"23":{"line":297,"type":"binary-expr","locations":[{"start":{"line":297,"column":12},"end":{"line":297,"column":71},"skip":true},{"start":{"line":298,"column":12},"end":{"line":301,"column":36},"skip":true}]},"24":{"line":303,"type":"binary-expr","locations":[{"start":{"line":303,"column":43},"end":{"line":303,"column":75},"skip":true},{"start":{"line":303,"column":79},"end":{"line":303,"column":81},"skip":true}]},"25":{"line":306,"type":"if","locations":[{"start":{"line":306,"column":8},"end":{"line":306,"column":8},"skip":true},{"start":{"line":306,"column":8},"end":{"line":306,"column":8},"skip":true}]},"26":{"line":310,"type":"if","locations":[{"start":{"line":310,"column":8},"end":{"line":310,"column":8},"skip":true},{"start":{"line":310,"column":8},"end":{"line":310,"column":8},"skip":true}]},"27":{"line":313,"type":"binary-expr","locations":[{"start":{"line":313,"column":27},"end":{"line":313,"column":43},"skip":true},{"start":{"line":313,"column":47},"end":{"line":313,"column":53},"skip":true}]},"28":{"line":317,"type":"if","locations":[{"start":{"line":317,"column":12},"end":{"line":317,"column":12},"skip":true},{"start":{"line":317,"column":12},"end":{"line":317,"column":12},"skip":true}]}},"code":["/*","example.js","","quickstart example","","instruction","    1. save this script as example.js","    2. run the shell command:","        $ npm install npmtest-torrent-cloud && PORT=8081 node example.js","    3. play with the browser-demo on http://127.0.0.1:8081","*/","","","","/* istanbul instrument in package npmtest_torrent_cloud */","/*jslint","    bitwise: true,","    browser: true,","    maxerr: 8,","    maxlen: 96,","    node: true,","    nomen: true,","    regexp: true,","    stupid: true","*/","(function () {","    'use strict';","    var local;","","","","    // run shared js-env code - pre-init","    (function () {","        // init local","        local = {};","        // init modeJs","        local.modeJs = (function () {","            try {","                return typeof navigator.userAgent === 'string' &&","                    typeof document.querySelector('body') === 'object' &&","                    typeof XMLHttpRequest.prototype.open === 'function' &&","                    'browser';","            } catch (errorCaughtBrowser) {","                return module.exports &&","                    typeof process.versions.node === 'string' &&","                    typeof require('http').createServer === 'function' &&","                    'node';","            }","        }());","        // init global","        local.global = local.modeJs === 'browser'","            ? window","            : global;","        // init utility2_rollup","        local = local.global.utility2_rollup || (local.modeJs === 'browser'","            ? local.global.utility2_npmtest_torrent_cloud","            : global.utility2_moduleExports);","        // export local","        local.global.local = local;","    }());","    switch (local.modeJs) {","","","","    // post-init","    // run browser js-env code - post-init","    /* istanbul ignore next */","    case 'browser':","        local.testRunBrowser = function (event) {","            if (!event || (event &&","                    event.currentTarget &&","                    event.currentTarget.className &&","                    event.currentTarget.className.includes &&","                    event.currentTarget.className.includes('onreset'))) {","                // reset output","                Array.from(","                    document.querySelectorAll('body > .resettable')","                ).forEach(function (element) {","                    switch (element.tagName) {","                    case 'INPUT':","                    case 'TEXTAREA':","                        element.value = '';","                        break;","                    default:","                        element.textContent = '';","                    }","                });","            }","            switch (event && event.currentTarget && event.currentTarget.id) {","            case 'testRunButton1':","                // show tests","                if (document.querySelector('#testReportDiv1').style.display === 'none') {","                    document.querySelector('#testReportDiv1').style.display = 'block';","                    document.querySelector('#testRunButton1').textContent =","                        'hide internal test';","                    local.modeTest = true;","                    local.testRunDefault(local);","                // hide tests","                } else {","                    document.querySelector('#testReportDiv1').style.display = 'none';","                    document.querySelector('#testRunButton1').textContent = 'run internal test';","                }","                break;","            // custom-case","            default:","                break;","            }","            if (document.querySelector('#inputTextareaEval1') && (!event || (event &&","                    event.currentTarget &&","                    event.currentTarget.className &&","                    event.currentTarget.className.includes &&","                    event.currentTarget.className.includes('oneval')))) {","                // try to eval input-code","                try {","                    /*jslint evil: true*/","                    eval(document.querySelector('#inputTextareaEval1').value);","                } catch (errorCaught) {","                    console.error(errorCaught);","                }","            }","        };","        // log stderr and stdout to #outputTextareaStdout1","        ['error', 'log'].forEach(function (key) {","            console[key + '_original'] = console[key];","            console[key] = function () {","                var element;","                console[key + '_original'].apply(console, arguments);","                element = document.querySelector('#outputTextareaStdout1');","                if (!element) {","                    return;","                }","                // append text to #outputTextareaStdout1","                element.value += Array.from(arguments).map(function (arg) {","                    return typeof arg === 'string'","                        ? arg","                        : JSON.stringify(arg, null, 4);","                }).join(' ') + '\\n';","                // scroll textarea to bottom","                element.scrollTop = element.scrollHeight;","            };","        });","        // init event-handling","        ['change', 'click', 'keyup'].forEach(function (event) {","            Array.from(document.querySelectorAll('.on' + event)).forEach(function (element) {","                element.addEventListener(event, local.testRunBrowser);","            });","        });","        // run tests","        local.testRunBrowser();","        break;","","","","    // run node js-env code - post-init","    /* istanbul ignore next */","    case 'node':","        // export local","        module.exports = local;","        // require modules","        local.fs = require('fs');","        local.http = require('http');","        local.url = require('url');","        // init assets","        local.assetsDict = local.assetsDict || {};","        /* jslint-ignore-begin */","        local.assetsDict['/assets.index.template.html'] = '\\","<!doctype html>\\n\\","<html lang=\"en\">\\n\\","<head>\\n\\","<meta charset=\"UTF-8\">\\n\\","<meta name=\"viewport\" content=\"width=device-width, initial-scale=1\">\\n\\","<title>{{env.npm_package_name}} (v{{env.npm_package_version}})</title>\\n\\","<style>\\n\\","/*csslint\\n\\","    box-sizing: false,\\n\\","    universal-selector: false\\n\\","*/\\n\\","* {\\n\\","    box-sizing: border-box;\\n\\","}\\n\\","body {\\n\\","    background: #dde;\\n\\","    font-family: Arial, Helvetica, sans-serif;\\n\\","    margin: 2rem;\\n\\","}\\n\\","body > * {\\n\\","    margin-bottom: 1rem;\\n\\","}\\n\\",".utility2FooterDiv {\\n\\","    margin-top: 20px;\\n\\","    text-align: center;\\n\\","}\\n\\","</style>\\n\\","<style>\\n\\","/*csslint\\n\\","*/\\n\\","textarea {\\n\\","    font-family: monospace;\\n\\","    height: 10rem;\\n\\","    width: 100%;\\n\\","}\\n\\","textarea[readonly] {\\n\\","    background: #ddd;\\n\\","}\\n\\","</style>\\n\\","</head>\\n\\","<body>\\n\\","<!-- utility2-comment\\n\\","<div id=\"ajaxProgressDiv1\" style=\"background: #d00; height: 2px; left: 0; margin: 0; padding: 0; position: fixed; top: 0; transition: background 0.5s, width 1.5s; width: 25%;\"></div>\\n\\","utility2-comment -->\\n\\","<h1>\\n\\","<!-- utility2-comment\\n\\","    <a\\n\\","        {{#if env.npm_package_homepage}}\\n\\","        href=\"{{env.npm_package_homepage}}\"\\n\\","        {{/if env.npm_package_homepage}}\\n\\","        target=\"_blank\"\\n\\","    >\\n\\","utility2-comment -->\\n\\","        {{env.npm_package_name}} (v{{env.npm_package_version}})\\n\\","<!-- utility2-comment\\n\\","    </a>\\n\\","utility2-comment -->\\n\\","</h1>\\n\\","<h3>{{env.npm_package_description}}</h3>\\n\\","<!-- utility2-comment\\n\\","<h4><a download href=\"assets.app.js\">download standalone app</a></h4>\\n\\","<button class=\"onclick onreset\" id=\"testRunButton1\">run internal test</button><br>\\n\\","<div id=\"testReportDiv1\" style=\"display: none;\"></div>\\n\\","utility2-comment -->\\n\\","\\n\\","\\n\\","\\n\\","<label>stderr and stdout</label>\\n\\","<textarea class=\"resettable\" id=\"outputTextareaStdout1\" readonly></textarea>\\n\\","<!-- utility2-comment\\n\\","{{#if isRollup}}\\n\\","<script src=\"assets.app.js\"></script>\\n\\","{{#unless isRollup}}\\n\\","utility2-comment -->\\n\\","<script src=\"assets.utility2.rollup.js\"></script>\\n\\","<script src=\"jsonp.utility2._stateInit?callback=window.utility2._stateInit\"></script>\\n\\","<script src=\"assets.npmtest_torrent_cloud.rollup.js\"></script>\\n\\","<script src=\"assets.example.js\"></script>\\n\\","<script src=\"assets.test.js\"></script>\\n\\","<!-- utility2-comment\\n\\","{{/if isRollup}}\\n\\","utility2-comment -->\\n\\","<div class=\"utility2FooterDiv\">\\n\\","    [ this app was created with\\n\\","    <a href=\"https://github.com/kaizhu256/node-utility2\" target=\"_blank\">utility2</a>\\n\\","    ]\\n\\","</div>\\n\\","</body>\\n\\","</html>\\n\\","';","        /* jslint-ignore-end */","        if (local.templateRender) {","            local.assetsDict['/'] = local.templateRender(","                local.assetsDict['/assets.index.template.html'],","                {","                    env: local.objectSetDefault(local.env, {","                        npm_package_description: 'the greatest app in the world!',","                        npm_package_name: 'my-app',","                        npm_package_nameAlias: 'my_app',","                        npm_package_version: '0.0.1'","                    })","                }","            );","        } else {","            local.assetsDict['/'] = local.assetsDict['/assets.index.template.html']","                .replace((/\\{\\{env\\.(\\w+?)\\}\\}/g), function (match0, match1) {","                    // jslint-hack","                    String(match0);","                    switch (match1) {","                    case 'npm_package_description':","                        return 'the greatest app in the world!';","                    case 'npm_package_name':","                        return 'my-app';","                    case 'npm_package_nameAlias':","                        return 'my_app';","                    case 'npm_package_version':","                        return '0.0.1';","                    }","                });","        }","        // run the cli","        if (local.global.utility2_rollup || module !== require.main) {","            break;","        }","        local.assetsDict['/assets.example.js'] =","            local.assetsDict['/assets.example.js'] ||","            local.fs.readFileSync(__filename, 'utf8');","        // bug-workaround - long $npm_package_buildCustomOrg","        /* jslint-ignore-begin */","        local.assetsDict['/assets.npmtest_torrent_cloud.rollup.js'] =","            local.assetsDict['/assets.npmtest_torrent_cloud.rollup.js'] ||","            local.fs.readFileSync(","                local.npmtest_torrent_cloud.__dirname + '/lib.npmtest_torrent_cloud.js',","                'utf8'","            ).replace((/^#!/), '//');","        /* jslint-ignore-end */","        local.assetsDict['/favicon.ico'] = local.assetsDict['/favicon.ico'] || '';","        // if $npm_config_timeout_exit exists,","        // then exit this process after $npm_config_timeout_exit ms","        if (Number(process.env.npm_config_timeout_exit)) {","            setTimeout(process.exit, Number(process.env.npm_config_timeout_exit));","        }","        // start server","        if (local.global.utility2_serverHttp1) {","            break;","        }","        process.env.PORT = process.env.PORT || '8081';","        console.error('server starting on port ' + process.env.PORT);","        local.http.createServer(function (request, response) {","            request.urlParsed = local.url.parse(request.url);","            if (local.assetsDict[request.urlParsed.pathname] !== undefined) {","                response.end(local.assetsDict[request.urlParsed.pathname]);","                return;","            }","            response.statusCode = 404;","            response.end();","        }).listen(process.env.PORT);","        break;","    }","}());",""],"l":{"26":2,"28":2,"33":2,"35":2,"37":2,"38":2,"39":2,"44":1,"51":2,"55":2,"59":2,"61":2,"69":1,"70":2,"76":2,"79":2,"82":2,"83":2,"85":1,"89":2,"92":1,"93":1,"94":1,"96":1,"97":1,"100":1,"101":1,"103":1,"106":1,"108":2,"114":1,"116":1,"118":1,"123":1,"124":2,"125":2,"126":3,"127":3,"128":3,"129":3,"130":1,"133":3,"134":3,"139":3,"143":1,"144":3,"145":1,"149":1,"150":1,"158":1,"160":1,"161":1,"162":1,"164":1,"166":1,"258":1,"259":1,"271":1,"274":6,"275":6,"277":1,"279":2,"281":1,"283":2,"288":1,"289":1,"291":1,"296":1,"303":1,"306":1,"307":1,"310":1,"311":1,"313":1,"314":1,"315":1,"316":1,"317":1,"318":1,"319":1,"321":1,"322":1,"324":1}},"/home/travis/build/npmtest/node-npmtest-torrent-cloud/node_modules/torrent-cloud/server.js":{"path":"/home/travis/build/npmtest/node-npmtest-torrent-cloud/node_modules/torrent-cloud/server.js","s":{"1":4,"2":4,"3":40,"4":0,"5":4,"6":4,"7":0,"8":0,"9":0,"10":0,"11":0,"12":0,"13":0,"14":0,"15":0,"16":0,"17":0,"18":0,"19":0,"20":0,"21":0,"22":0,"23":1,"24":0,"25":0,"26":0,"27":0,"28":0,"29":0,"30":0,"31":0,"32":0,"33":0,"34":0,"35":0,"36":0,"37":0,"38":0,"39":0,"40":0,"41":0,"42":0,"43":0,"44":0,"45":0,"46":1,"47":0,"48":0,"49":0,"50":0,"51":0,"52":0,"53":0,"54":0,"55":0,"56":0,"57":0,"58":0,"59":0},"b":{"1":[0,40],"2":[0,0,0,0],"3":[0,0,0],"4":[0,0],"5":[0,0],"6":[0,0],"7":[0,0],"8":[0,0],"9":[0,0],"10":[0,0],"11":[0,0]},"f":{"1":0,"2":0,"3":0,"4":0,"5":0,"6":0,"7":0,"8":0,"9":0,"10":0},"fnMap":{"1":{"name":"api","line":45,"loc":{"start":{"line":45,"column":0},"end":{"line":45,"column":27}}},"2":{"name":"(anonymous_2)","line":46,"loc":{"start":{"line":46,"column":29},"end":{"line":46,"column":43}}},"3":{"name":"(anonymous_3)","line":54,"loc":{"start":{"line":54,"column":21},"end":{"line":54,"column":41}}},"4":{"name":"(anonymous_4)","line":55,"loc":{"start":{"line":55,"column":16},"end":{"line":55,"column":36}}},"5":{"name":"(anonymous_5)","line":74,"loc":{"start":{"line":74,"column":23},"end":{"line":74,"column":42}}},"6":{"name":"(anonymous_6)","line":101,"loc":{"start":{"line":101,"column":13},"end":{"line":101,"column":32}}},"7":{"name":"list","line":118,"loc":{"start":{"line":118,"column":0},"end":{"line":118,"column":16}}},"8":{"name":"(anonymous_8)","line":119,"loc":{"start":{"line":119,"column":14},"end":{"line":119,"column":35}}},"9":{"name":"(anonymous_9)","line":126,"loc":{"start":{"line":126,"column":19},"end":{"line":126,"column":33}}},"10":{"name":"(anonymous_10)","line":138,"loc":{"start":{"line":138,"column":26},"end":{"line":138,"column":37}}}},"statementMap":{"1":{"start":{"line":2,"column":0},"end":{"line":2,"column":38}},"2":{"start":{"line":4,"column":0},"end":{"line":8,"column":1}},"3":{"start":{"line":5,"column":1},"end":{"line":7,"column":2}},"4":{"start":{"line":6,"column":2},"end":{"line":6,"column":29}},"5":{"start":{"line":11,"column":0},"end":{"line":11,"column":37}},"6":{"start":{"line":12,"column":0},"end":{"line":12,"column":41}},"7":{"start":{"line":13,"column":0},"end":{"line":13,"column":39}},"8":{"start":{"line":14,"column":0},"end":{"line":14,"column":29}},"9":{"start":{"line":16,"column":0},"end":{"line":16,"column":46}},"10":{"start":{"line":17,"column":0},"end":{"line":17,"column":40}},"11":{"start":{"line":19,"column":0},"end":{"line":19,"column":27}},"12":{"start":{"line":20,"column":0},"end":{"line":20,"column":33}},"13":{"start":{"line":21,"column":0},"end":{"line":21,"column":20}},"14":{"start":{"line":22,"column":0},"end":{"line":22,"column":36}},"15":{"start":{"line":23,"column":0},"end":{"line":26,"column":8}},"16":{"start":{"line":27,"column":0},"end":{"line":29,"column":13}},"17":{"start":{"line":32,"column":0},"end":{"line":32,"column":44}},"18":{"start":{"line":33,"column":0},"end":{"line":33,"column":41}},"19":{"start":{"line":34,"column":0},"end":{"line":35,"column":36}},"20":{"start":{"line":35,"column":1},"end":{"line":35,"column":36}},"21":{"start":{"line":38,"column":0},"end":{"line":38,"column":19}},"22":{"start":{"line":41,"column":0},"end":{"line":41,"column":27}},"23":{"start":{"line":45,"column":0},"end":{"line":64,"column":1}},"24":{"start":{"line":46,"column":1},"end":{"line":63,"column":4}},"25":{"start":{"line":47,"column":2},"end":{"line":47,"column":23}},"26":{"start":{"line":48,"column":2},"end":{"line":49,"column":10}},"27":{"start":{"line":49,"column":3},"end":{"line":49,"column":10}},"28":{"start":{"line":52,"column":2},"end":{"line":52,"column":38}},"29":{"start":{"line":54,"column":2},"end":{"line":62,"column":5}},"30":{"start":{"line":55,"column":3},"end":{"line":61,"column":6}},"31":{"start":{"line":56,"column":4},"end":{"line":60,"column":5}},"32":{"start":{"line":57,"column":5},"end":{"line":57,"column":31}},"33":{"start":{"line":59,"column":5},"end":{"line":59,"column":28}},"34":{"start":{"line":67,"column":0},"end":{"line":67,"column":22}},"35":{"start":{"line":68,"column":0},"end":{"line":68,"column":26}},"36":{"start":{"line":74,"column":0},"end":{"line":76,"column":3}},"37":{"start":{"line":75,"column":1},"end":{"line":75,"column":40}},"38":{"start":{"line":96,"column":0},"end":{"line":96,"column":52}},"39":{"start":{"line":98,"column":0},"end":{"line":98,"column":21}},"40":{"start":{"line":101,"column":0},"end":{"line":113,"column":2}},"41":{"start":{"line":103,"column":1},"end":{"line":104,"column":25}},"42":{"start":{"line":104,"column":2},"end":{"line":104,"column":25}},"43":{"start":{"line":106,"column":1},"end":{"line":112,"column":4}},"44":{"start":{"line":114,"column":0},"end":{"line":114,"column":28}},"45":{"start":{"line":115,"column":0},"end":{"line":115,"column":30}},"46":{"start":{"line":118,"column":0},"end":{"line":122,"column":1}},"47":{"start":{"line":119,"column":1},"end":{"line":121,"column":4}},"48":{"start":{"line":120,"column":2},"end":{"line":120,"column":25}},"49":{"start":{"line":120,"column":11},"end":{"line":120,"column":25}},"50":{"start":{"line":123,"column":0},"end":{"line":123,"column":30}},"51":{"start":{"line":124,"column":0},"end":{"line":124,"column":7}},"52":{"start":{"line":126,"column":0},"end":{"line":135,"column":3}},"53":{"start":{"line":127,"column":1},"end":{"line":133,"column":2}},"54":{"start":{"line":129,"column":3},"end":{"line":129,"column":54}},"55":{"start":{"line":130,"column":3},"end":{"line":130,"column":9}},"56":{"start":{"line":132,"column":3},"end":{"line":132,"column":79}},"57":{"start":{"line":134,"column":1},"end":{"line":134,"column":17}},"58":{"start":{"line":138,"column":0},"end":{"line":140,"column":3}},"59":{"start":{"line":139,"column":1},"end":{"line":139,"column":50}}},"branchMap":{"1":{"line":5,"type":"if","locations":[{"start":{"line":5,"column":1},"end":{"line":5,"column":1}},{"start":{"line":5,"column":1},"end":{"line":5,"column":1}}]},"2":{"line":23,"type":"binary-expr","locations":[{"start":{"line":23,"column":11},"end":{"line":23,"column":40}},{"start":{"line":24,"column":3},"end":{"line":24,"column":19}},{"start":{"line":25,"column":3},"end":{"line":25,"column":36}},{"start":{"line":26,"column":3},"end":{"line":26,"column":7}}]},"3":{"line":27,"type":"binary-expr","locations":[{"start":{"line":27,"column":11},"end":{"line":27,"column":27}},{"start":{"line":28,"column":3},"end":{"line":28,"column":34}},{"start":{"line":29,"column":3},"end":{"line":29,"column":12}}]},"4":{"line":32,"type":"binary-expr","locations":[{"start":{"line":32,"column":11},"end":{"line":32,"column":32}},{"start":{"line":32,"column":36},"end":{"line":32,"column":43}}]},"5":{"line":34,"type":"if","locations":[{"start":{"line":34,"column":0},"end":{"line":34,"column":0}},{"start":{"line":34,"column":0},"end":{"line":34,"column":0}}]},"6":{"line":48,"type":"if","locations":[{"start":{"line":48,"column":2},"end":{"line":48,"column":2}},{"start":{"line":48,"column":2},"end":{"line":48,"column":2}}]},"7":{"line":56,"type":"if","locations":[{"start":{"line":56,"column":4},"end":{"line":56,"column":4}},{"start":{"line":56,"column":4},"end":{"line":56,"column":4}}]},"8":{"line":59,"type":"binary-expr","locations":[{"start":{"line":59,"column":14},"end":{"line":59,"column":18}},{"start":{"line":59,"column":22},"end":{"line":59,"column":26}}]},"9":{"line":103,"type":"if","locations":[{"start":{"line":103,"column":1},"end":{"line":103,"column":1}},{"start":{"line":103,"column":1},"end":{"line":103,"column":1}}]},"10":{"line":120,"type":"if","locations":[{"start":{"line":120,"column":2},"end":{"line":120,"column":2}},{"start":{"line":120,"column":2},"end":{"line":120,"column":2}}]},"11":{"line":127,"type":"switch","locations":[{"start":{"line":128,"column":2},"end":{"line":130,"column":9}},{"start":{"line":131,"column":2},"end":{"line":132,"column":79}}]}},"code":["//load server config","var config = require(\"./config.json\");","//apply defaults from env","for(var k in config) {","\tif(k in process.env) {","\t\tconfig[k] = process.env[k];","\t}","}","","//load submodules","var search = require(\"./lib/search\");","var torrents = require(\"./lib/torrents\");","var backend = require(\"./lib/backend\");","var ws = require(\"./lib/ws\");","","var basicAuth = require('basic-auth-connect');","var bodyParser = require('body-parser');","","var http = require('http');","var express = require('express');","var app = express();","var server = http.createServer(app);","var port = parseInt(process.argv[2], 10) ||","\t\t\tprocess.env.PORT || ","\t\t\tprocess.env.OPENSHIFT_NODEJS_PORT || ","\t\t\t3000;","var host = process.env.HOST ||","\t\t\tprocess.env.OPENSHIFT_NODEJS_IP ||","\t\t\t\"0.0.0.0\";","","//global auth","var user = process.env.AUTH_USER || 'admin';","var password = process.env.AUTH_PASSWORD;","if(password)","\tapp.use(basicAuth(user, password));","","//hook http server","ws.install(server);","","//all requests have JSON body","app.use(bodyParser.json());","","//convert all of the given module's","//exposed functions into API endpoints","function api(name, module) {","\tObject.keys(module).forEach(function(key) {","\t\tvar fn = module[key];","\t\tif(typeof fn !== \"function\")","\t\t\treturn;","\t\t//dont call modules with request/response,","\t\t//instead call with 'body' and 'callback(err, data)'","\t\tvar endpoint = '/api/'+name+'/'+key;","\t\t// console.log(\"POST %s -> %s.%s\", endpoint, name, key);","\t\tapp.post(endpoint, function (req, res) {","\t\t\tfn(req.body, function(err, data) {","\t\t\t\tif(err) {","\t\t\t\t\tres.status(400).send(err);","\t\t\t\t} else {","\t\t\t\t\tres.send(data || \"OK\");","\t\t\t\t}","\t\t\t});","\t\t});","\t});","}","","//use all module methods as JSON POST endpoints","api('search', search);","api('torrents', torrents);","","//TODO(@jpillora) in future, some storage backends may need","//custom APIs","","//disallow crawling","app.get('/robots.txt', function(req, res) {","\tres.send(\"User-agent: *\\nDisallow: /\");","});","","//modify configuration","// app.post('/config', function(req, res) {","// \tif(!req.body)","// \t\treturn res.status(400).send(\"No body\");","// \tvar changed = false;","// \tfor(var k in req.body) {","// \t\tvar v = req.body[k];","// \t\tif(k in config && config[k] !== v) {","// \t\t\tconfig[k] = v;","// \t\t\tchanged = true;","// \t\t}","// \t}","// \tif(changed) {","// \t\tupdate();","// \t}","// });","","//expose static files","app.use('/', express.static(__dirname + '/static'));","","var storedFiles = {};","","//broadcast state on \"update\"","var update = function(newFiles) {","\t//optionally update stored files","\tif(newFiles)","\t\tstoredFiles = newFiles;","\t//broadcast state","\tws.broadcast({","\t\tconfig: config,","\t\tproviders: search.providers,","\t\ttorrents: torrents.list,","\t\tfilesDownloading: torrents.filesDownloading,","\t\tuploads: storedFiles","\t});","};","search.on(\"update\", update);","torrents.on(\"update\", update);","","//periodically scan for new stored files","function list() {","\tbackend.list(function(err, files) {","\t\tif(!err) update(files);","\t});","}","setInterval(list, 15*60*1000);","list();","","server.on(\"error\", function(err) {","\tswitch(err.code) {","\t\tcase \"EADDRINUSE\":","\t\t\tconsole.error(\"Port %s is currently in use\", port);","\t\t\tbreak;","\t\tdefault:","\t\t\tconsole.error(\"Failed to listen on %s:%s (%s)\", host, port, err.toString());","\t}","\tprocess.exit(1);","});","","//listen!","server.listen(port, host, function() {","\tconsole.log(\"listening on %s:%s...\", host, port);","});",""],"l":{"2":4,"4":4,"5":40,"6":0,"11":4,"12":4,"13":0,"14":0,"16":0,"17":0,"19":0,"20":0,"21":0,"22":0,"23":0,"27":0,"32":0,"33":0,"34":0,"35":0,"38":0,"41":0,"45":1,"46":0,"47":0,"48":0,"49":0,"52":0,"54":0,"55":0,"56":0,"57":0,"59":0,"67":0,"68":0,"74":0,"75":0,"96":0,"98":0,"101":0,"103":0,"104":0,"106":0,"114":0,"115":0,"118":1,"119":0,"120":0,"123":0,"124":0,"126":0,"127":0,"129":0,"130":0,"132":0,"134":0,"138":0,"139":0}},"/home/travis/build/npmtest/node-npmtest-torrent-cloud/node_modules/torrent-cloud/lib/search.js":{"path":"/home/travis/build/npmtest/node-npmtest-torrent-cloud/node_modules/torrent-cloud/lib/search.js","s":{"1":1,"2":1,"3":1,"4":1,"5":1,"6":1,"7":1,"8":2,"9":0,"10":0,"11":0,"12":0,"13":0,"14":0,"15":0,"16":1,"17":0,"18":0,"19":0,"20":0,"21":0,"22":0,"23":0,"24":0,"25":0,"26":0,"27":0,"28":0,"29":0,"30":0,"31":0,"32":0,"33":0,"34":1,"35":1,"36":0,"37":0,"38":0},"b":{"1":[0,0],"2":[0,0],"3":[0,0],"4":[0,0],"5":[0,1],"6":[0,0]},"f":{"1":2,"2":0,"3":0,"4":0,"5":0},"fnMap":{"1":{"name":"(anonymous_1)","line":18,"loc":{"start":{"line":18,"column":25},"end":{"line":18,"column":42}}},"2":{"name":"(anonymous_2)","line":19,"loc":{"start":{"line":19,"column":18},"end":{"line":19,"column":43}}},"3":{"name":"(anonymous_3)","line":35,"loc":{"start":{"line":35,"column":22},"end":{"line":35,"column":47}}},"4":{"name":"(anonymous_4)","line":38,"loc":{"start":{"line":38,"column":23},"end":{"line":38,"column":57}}},"5":{"name":"(anonymous_5)","line":61,"loc":{"start":{"line":61,"column":39},"end":{"line":61,"column":56}}}},"statementMap":{"1":{"start":{"line":2,"column":0},"end":{"line":2,"column":31}},"2":{"start":{"line":3,"column":0},"end":{"line":3,"column":56}},"3":{"start":{"line":5,"column":0},"end":{"line":8,"column":2}},"4":{"start":{"line":10,"column":0},"end":{"line":10,"column":19}},"5":{"start":{"line":11,"column":0},"end":{"line":11,"column":22}},"6":{"start":{"line":13,"column":0},"end":{"line":13,"column":33}},"7":{"start":{"line":18,"column":0},"end":{"line":31,"column":3}},"8":{"start":{"line":19,"column":1},"end":{"line":30,"column":3}},"9":{"start":{"line":21,"column":2},"end":{"line":21,"column":35}},"10":{"start":{"line":22,"column":2},"end":{"line":23,"column":57}},"11":{"start":{"line":23,"column":3},"end":{"line":23,"column":57}},"12":{"start":{"line":25,"column":2},"end":{"line":25,"column":27}},"13":{"start":{"line":26,"column":2},"end":{"line":27,"column":35}},"14":{"start":{"line":27,"column":3},"end":{"line":27,"column":35}},"15":{"start":{"line":29,"column":2},"end":{"line":29,"column":34}},"16":{"start":{"line":35,"column":0},"end":{"line":58,"column":2}},"17":{"start":{"line":36,"column":1},"end":{"line":37,"column":33}},"18":{"start":{"line":37,"column":2},"end":{"line":37,"column":33}},"19":{"start":{"line":38,"column":1},"end":{"line":57,"column":4}},"20":{"start":{"line":39,"column":2},"end":{"line":40,"column":50}},"21":{"start":{"line":40,"column":3},"end":{"line":40,"column":50}},"22":{"start":{"line":41,"column":2},"end":{"line":56,"column":3}},"23":{"start":{"line":42,"column":3},"end":{"line":42,"column":39}},"24":{"start":{"line":44,"column":3},"end":{"line":44,"column":18}},"25":{"start":{"line":45,"column":3},"end":{"line":48,"column":4}},"26":{"start":{"line":46,"column":4},"end":{"line":46,"column":29}},"27":{"start":{"line":47,"column":4},"end":{"line":47,"column":23}},"28":{"start":{"line":49,"column":3},"end":{"line":49,"column":28}},"29":{"start":{"line":50,"column":3},"end":{"line":50,"column":28}},"30":{"start":{"line":51,"column":3},"end":{"line":51,"column":25}},"31":{"start":{"line":52,"column":3},"end":{"line":52,"column":77}},"32":{"start":{"line":53,"column":3},"end":{"line":53,"column":25}},"33":{"start":{"line":55,"column":3},"end":{"line":55,"column":35}},"34":{"start":{"line":60,"column":0},"end":{"line":60,"column":43}},"35":{"start":{"line":61,"column":0},"end":{"line":63,"column":3}},"36":{"start":{"line":61,"column":8},"end":{"line":63,"column":3}},"37":{"start":{"line":62,"column":1},"end":{"line":62,"column":82}},"38":{"start":{"line":62,"column":9},"end":{"line":62,"column":82}}},"branchMap":{"1":{"line":22,"type":"if","locations":[{"start":{"line":22,"column":2},"end":{"line":22,"column":2}},{"start":{"line":22,"column":2},"end":{"line":22,"column":2}}]},"2":{"line":26,"type":"if","locations":[{"start":{"line":26,"column":2},"end":{"line":26,"column":2}},{"start":{"line":26,"column":2},"end":{"line":26,"column":2}}]},"3":{"line":36,"type":"if","locations":[{"start":{"line":36,"column":1},"end":{"line":36,"column":1}},{"start":{"line":36,"column":1},"end":{"line":36,"column":1}}]},"4":{"line":39,"type":"if","locations":[{"start":{"line":39,"column":2},"end":{"line":39,"column":2}},{"start":{"line":39,"column":2},"end":{"line":39,"column":2}}]},"5":{"line":61,"type":"if","locations":[{"start":{"line":61,"column":0},"end":{"line":61,"column":0}},{"start":{"line":61,"column":0},"end":{"line":61,"column":0}}]},"6":{"line":62,"type":"if","locations":[{"start":{"line":62,"column":1},"end":{"line":62,"column":1}},{"start":{"line":62,"column":1},"end":{"line":62,"column":1}}]}},"code":["","var events = require('events');","var search = module.exports = new events.EventEmitter();","","var types = {","\t\"screen-scraper\": require(\"./searchers/screen-scraper\"),","\t\"json-api\": require(\"./searchers/json-api\")","};","","var providers = {};","search.providers = [];","","var request = require(\"request\");","","//==============","","//expose list and item methods - pass straight to search type","[\"list\", \"item\"].forEach(function(fnName) {","\tsearch[fnName] = function(data, callback) {","","\t\tvar p = providers[data.provider];","\t\tif(!p)","\t\t\treturn callback(\"Missing provider: \" + data.provider);","","\t\tvar type = types[p.type];","\t\tif(!type)","\t\t\treturn callback(\"Invalid type\");","","\t\ttype[fnName](p, data, callback);","\t};","});","","//==============","","search.setproviders = function(data, callback) {","\tif(!data.url)","\t\treturn callback(\"Missing url\");","\trequest.get(data.url, function(err, httpResponse, body) {","\t\tif(err)","\t\t\treturn callback(\"Failed to load: \" + data.url);","\t\ttry {","\t\t\tvar newProviders = JSON.parse(body);","\t\t\t//expose only the \"names\" to the frontend","\t\t\tvar names = {};","\t\t\tfor(var id in newProviders) {","\t\t\t\tvar p = newProviders[id];","\t\t\t\tnames[id] = p.name;","\t\t\t}","\t\t\tproviders = newProviders;","\t\t\tsearch.providers = names;","\t\t\tsearch.emit(\"update\");","\t\t\tconsole.log(\"loaded search providers: %s\", Object.keys(names).join(\", \"));","\t\t\tcallback(null, names);","\t\t} catch(err) {","\t\t\treturn callback(\"Invalid JSON\");","\t\t}","\t});","};","","var url = process.env.SEARCH_PROVIDERS_URL;","if(url) search.setproviders({url:url}, function(err, p) {","\tif(err) console.error(\"Failed to load search providers from: %s (%s)\", url, err);\t","});","",""],"l":{"2":1,"3":1,"5":1,"10":1,"11":1,"13":1,"18":1,"19":2,"21":0,"22":0,"23":0,"25":0,"26":0,"27":0,"29":0,"35":1,"36":0,"37":0,"38":0,"39":0,"40":0,"41":0,"42":0,"44":0,"45":0,"46":0,"47":0,"49":0,"50":0,"51":0,"52":0,"53":0,"55":0,"60":1,"61":1,"62":0}},"/home/travis/build/npmtest/node-npmtest-torrent-cloud/node_modules/torrent-cloud/lib/searchers/screen-scraper.js":{"path":"/home/travis/build/npmtest/node-npmtest-torrent-cloud/node_modules/torrent-cloud/lib/searchers/screen-scraper.js","s":{"1":1,"2":1,"3":1,"4":1,"5":0,"6":0,"7":1,"8":0,"9":0,"10":0,"11":0,"12":0,"13":0,"14":1,"15":0,"16":0,"17":0,"18":0,"19":0,"20":0,"21":0,"22":0,"23":0,"24":0,"25":0,"26":0,"27":0,"28":0,"29":0,"30":1,"31":0,"32":0,"33":0,"34":0,"35":0,"36":0,"37":0,"38":0,"39":0,"40":0,"41":0,"42":0,"43":0,"44":0,"45":0,"46":0,"47":0,"48":0,"49":0,"50":0,"51":0,"52":0,"53":0,"54":0,"55":0,"56":0,"57":0,"58":1,"59":0,"60":0,"61":0,"62":0,"63":0,"64":0,"65":0,"66":0,"67":0,"68":0,"69":0,"70":0,"71":0},"b":{"1":[0,0],"2":[0,0],"3":[0,0],"4":[0,0],"5":[0,0],"6":[0,0],"7":[0,0],"8":[0,0],"9":[0,0],"10":[0,0],"11":[0,0],"12":[0,0],"13":[0,0],"14":[0,0],"15":[0,0],"16":[0,0,0],"17":[0,0],"18":[0,0],"19":[0,0],"20":[0,0],"21":[0,0]},"f":{"1":0,"2":0,"3":0,"4":0,"5":0,"6":0,"7":0,"8":0,"9":0,"10":0},"fnMap":{"1":{"name":"(anonymous_1)","line":6,"loc":{"start":{"line":6,"column":15},"end":{"line":6,"column":35}}},"2":{"name":"(anonymous_2)","line":7,"loc":{"start":{"line":7,"column":40},"end":{"line":7,"column":59}}},"3":{"name":"(anonymous_3)","line":12,"loc":{"start":{"line":12,"column":11},"end":{"line":12,"column":35}}},"4":{"name":"(anonymous_4)","line":22,"loc":{"start":{"line":22,"column":4},"end":{"line":22,"column":38}}},"5":{"name":"(anonymous_5)","line":32,"loc":{"start":{"line":32,"column":10},"end":{"line":32,"column":35}}},"6":{"name":"(anonymous_6)","line":48,"loc":{"start":{"line":48,"column":45},"end":{"line":48,"column":67}}},"7":{"name":"(anonymous_7)","line":62,"loc":{"start":{"line":62,"column":15},"end":{"line":62,"column":43}}},"8":{"name":"(anonymous_8)","line":78,"loc":{"start":{"line":78,"column":11},"end":{"line":78,"column":32}}},"9":{"name":"(anonymous_9)","line":113,"loc":{"start":{"line":113,"column":15},"end":{"line":113,"column":43}}},"10":{"name":"(anonymous_10)","line":120,"loc":{"start":{"line":120,"column":16},"end":{"line":120,"column":36}}}},"statementMap":{"1":{"start":{"line":2,"column":0},"end":{"line":2,"column":33}},"2":{"start":{"line":3,"column":0},"end":{"line":3,"column":33}},"3":{"start":{"line":4,"column":0},"end":{"line":4,"column":25}},"4":{"start":{"line":6,"column":0},"end":{"line":10,"column":2}},"5":{"start":{"line":7,"column":1},"end":{"line":9,"column":4}},"6":{"start":{"line":8,"column":2},"end":{"line":8,"column":39}},"7":{"start":{"line":12,"column":0},"end":{"line":30,"column":2}},"8":{"start":{"line":13,"column":1},"end":{"line":29,"column":4}},"9":{"start":{"line":24,"column":2},"end":{"line":25,"column":60}},"10":{"start":{"line":25,"column":3},"end":{"line":25,"column":60}},"11":{"start":{"line":26,"column":2},"end":{"line":26,"column":32}},"12":{"start":{"line":27,"column":2},"end":{"line":27,"column":19}},"13":{"start":{"line":28,"column":2},"end":{"line":28,"column":23}},"14":{"start":{"line":32,"column":0},"end":{"line":58,"column":2}},"15":{"start":{"line":34,"column":1},"end":{"line":35,"column":17}},"16":{"start":{"line":35,"column":2},"end":{"line":35,"column":17}},"17":{"start":{"line":38,"column":1},"end":{"line":44,"column":2}},"18":{"start":{"line":39,"column":2},"end":{"line":39,"column":33}},"19":{"start":{"line":41,"column":2},"end":{"line":42,"column":66}},"20":{"start":{"line":42,"column":3},"end":{"line":42,"column":66}},"21":{"start":{"line":43,"column":2},"end":{"line":43,"column":12}},"22":{"start":{"line":47,"column":1},"end":{"line":47,"column":10}},"23":{"start":{"line":48,"column":1},"end":{"line":51,"column":4}},"24":{"start":{"line":49,"column":2},"end":{"line":49,"column":11}},"25":{"start":{"line":50,"column":2},"end":{"line":50,"column":13}},"26":{"start":{"line":53,"column":1},"end":{"line":53,"column":29}},"27":{"start":{"line":55,"column":1},"end":{"line":56,"column":14}},"28":{"start":{"line":56,"column":2},"end":{"line":56,"column":14}},"29":{"start":{"line":57,"column":1},"end":{"line":57,"column":39}},"30":{"start":{"line":62,"column":0},"end":{"line":111,"column":2}},"31":{"start":{"line":63,"column":1},"end":{"line":64,"column":35}},"32":{"start":{"line":64,"column":2},"end":{"line":64,"column":35}},"33":{"start":{"line":66,"column":1},"end":{"line":66,"column":27}},"34":{"start":{"line":68,"column":1},"end":{"line":72,"column":4}},"35":{"start":{"line":74,"column":1},"end":{"line":74,"column":59}},"36":{"start":{"line":75,"column":1},"end":{"line":76,"column":33}},"37":{"start":{"line":76,"column":2},"end":{"line":76,"column":33}},"38":{"start":{"line":78,"column":1},"end":{"line":110,"column":4}},"39":{"start":{"line":79,"column":2},"end":{"line":80,"column":56}},"40":{"start":{"line":80,"column":3},"end":{"line":80,"column":56}},"41":{"start":{"line":82,"column":2},"end":{"line":82,"column":38}},"42":{"start":{"line":86,"column":2},"end":{"line":86,"column":19}},"43":{"start":{"line":87,"column":2},"end":{"line":107,"column":3}},"44":{"start":{"line":88,"column":3},"end":{"line":88,"column":23}},"45":{"start":{"line":89,"column":3},"end":{"line":89,"column":23}},"46":{"start":{"line":90,"column":3},"end":{"line":90,"column":19}},"47":{"start":{"line":91,"column":3},"end":{"line":103,"column":4}},"48":{"start":{"line":92,"column":4},"end":{"line":92,"column":38}},"49":{"start":{"line":94,"column":4},"end":{"line":97,"column":5}},"50":{"start":{"line":95,"column":5},"end":{"line":95,"column":20}},"51":{"start":{"line":96,"column":5},"end":{"line":96,"column":11}},"52":{"start":{"line":99,"column":4},"end":{"line":100,"column":20}},"53":{"start":{"line":100,"column":5},"end":{"line":100,"column":20}},"54":{"start":{"line":102,"column":4},"end":{"line":102,"column":18}},"55":{"start":{"line":105,"column":3},"end":{"line":106,"column":25}},"56":{"start":{"line":106,"column":4},"end":{"line":106,"column":25}},"57":{"start":{"line":109,"column":2},"end":{"line":109,"column":26}},"58":{"start":{"line":113,"column":0},"end":{"line":133,"column":2}},"59":{"start":{"line":115,"column":1},"end":{"line":116,"column":52}},"60":{"start":{"line":116,"column":2},"end":{"line":116,"column":52}},"61":{"start":{"line":117,"column":1},"end":{"line":118,"column":33}},"62":{"start":{"line":118,"column":2},"end":{"line":118,"column":33}},"63":{"start":{"line":120,"column":1},"end":{"line":132,"column":4}},"64":{"start":{"line":121,"column":2},"end":{"line":122,"column":50}},"65":{"start":{"line":122,"column":3},"end":{"line":122,"column":50}},"66":{"start":{"line":124,"column":2},"end":{"line":124,"column":18}},"67":{"start":{"line":125,"column":2},"end":{"line":128,"column":3}},"68":{"start":{"line":126,"column":3},"end":{"line":126,"column":32}},"69":{"start":{"line":127,"column":3},"end":{"line":127,"column":23}},"70":{"start":{"line":127,"column":9},"end":{"line":127,"column":23}},"71":{"start":{"line":131,"column":2},"end":{"line":131,"column":25}}},"branchMap":{"1":{"line":24,"type":"if","locations":[{"start":{"line":24,"column":2},"end":{"line":24,"column":2}},{"start":{"line":24,"column":2},"end":{"line":24,"column":2}}]},"2":{"line":34,"type":"if","locations":[{"start":{"line":34,"column":1},"end":{"line":34,"column":1}},{"start":{"line":34,"column":1},"end":{"line":34,"column":1}}]},"3":{"line":38,"type":"if","locations":[{"start":{"line":38,"column":1},"end":{"line":38,"column":1}},{"start":{"line":38,"column":1},"end":{"line":38,"column":1}}]},"4":{"line":41,"type":"if","locations":[{"start":{"line":41,"column":2},"end":{"line":41,"column":2}},{"start":{"line":41,"column":2},"end":{"line":41,"column":2}}]},"5":{"line":55,"type":"if","locations":[{"start":{"line":55,"column":1},"end":{"line":55,"column":1}},{"start":{"line":55,"column":1},"end":{"line":55,"column":1}}]},"6":{"line":55,"type":"binary-expr","locations":[{"start":{"line":55,"column":4},"end":{"line":55,"column":6}},{"start":{"line":55,"column":10},"end":{"line":55,"column":24}}]},"7":{"line":57,"type":"cond-expr","locations":[{"start":{"line":57,"column":15},"end":{"line":57,"column":27}},{"start":{"line":57,"column":30},"end":{"line":57,"column":38}}]},"8":{"line":63,"type":"if","locations":[{"start":{"line":63,"column":1},"end":{"line":63,"column":1}},{"start":{"line":63,"column":1},"end":{"line":63,"column":1}}]},"9":{"line":63,"type":"binary-expr","locations":[{"start":{"line":63,"column":4},"end":{"line":63,"column":9}},{"start":{"line":63,"column":13},"end":{"line":63,"column":24}}]},"10":{"line":66,"type":"binary-expr","locations":[{"start":{"line":66,"column":12},"end":{"line":66,"column":21}},{"start":{"line":66,"column":25},"end":{"line":66,"column":26}}]},"11":{"line":74,"type":"binary-expr","locations":[{"start":{"line":74,"column":14},"end":{"line":74,"column":45}},{"start":{"line":74,"column":49},"end":{"line":74,"column":58}}]},"12":{"line":75,"type":"if","locations":[{"start":{"line":75,"column":1},"end":{"line":75,"column":1}},{"start":{"line":75,"column":1},"end":{"line":75,"column":1}}]},"13":{"line":79,"type":"if","locations":[{"start":{"line":79,"column":2},"end":{"line":79,"column":2}},{"start":{"line":79,"column":2},"end":{"line":79,"column":2}}]},"14":{"line":94,"type":"if","locations":[{"start":{"line":94,"column":4},"end":{"line":94,"column":4}},{"start":{"line":94,"column":4},"end":{"line":94,"column":4}}]},"15":{"line":99,"type":"if","locations":[{"start":{"line":99,"column":4},"end":{"line":99,"column":4}},{"start":{"line":99,"column":4},"end":{"line":99,"column":4}}]},"16":{"line":99,"type":"binary-expr","locations":[{"start":{"line":99,"column":7},"end":{"line":99,"column":18}},{"start":{"line":99,"column":22},"end":{"line":99,"column":23}},{"start":{"line":99,"column":27},"end":{"line":99,"column":39}}]},"17":{"line":105,"type":"if","locations":[{"start":{"line":105,"column":3},"end":{"line":105,"column":3}},{"start":{"line":105,"column":3},"end":{"line":105,"column":3}}]},"18":{"line":115,"type":"if","locations":[{"start":{"line":115,"column":1},"end":{"line":115,"column":1}},{"start":{"line":115,"column":1},"end":{"line":115,"column":1}}]},"19":{"line":117,"type":"if","locations":[{"start":{"line":117,"column":1},"end":{"line":117,"column":1}},{"start":{"line":117,"column":1},"end":{"line":117,"column":1}}]},"20":{"line":121,"type":"if","locations":[{"start":{"line":121,"column":2},"end":{"line":121,"column":2}},{"start":{"line":121,"column":2},"end":{"line":121,"column":2}}]},"21":{"line":127,"type":"if","locations":[{"start":{"line":127,"column":3},"end":{"line":127,"column":3}},{"start":{"line":127,"column":3},"end":{"line":127,"column":3}}]}},"code":["","var request = require(\"request\");","var cheerio = require(\"cheerio\");","var $ = cheerio.load(\"\");","","var template = function(str, data) {","\treturn str.replace(/\\{\\s*(\\w+)\\s*\\}/g, function(all, key) {","\t\treturn encodeURICo
[...]
":76,"column":33}}]},"12":{"line":89,"type":"if","locations":[{"start":{"line":89,"column":3},"end":{"line":89,"column":3}},{"start":{"line":89,"column":3},"end":{"line":89,"column":3}}]},"13":{"line":100,"type":"if","locations":[{"start":{"line":100,"column":2},"end":{"line":100,"column":2}},{"start":{"line":100,"column":2},"end":{"line":100,"column":2}}]},"14":{"line":110,"type":"if","locations":[{"start":{"line":110,"column":4},"end":{"line":110,"column":4}},{"start":{"line":110,"column":4},"end":{"line":110,"column":4}}]},"15":{"line":114,"type":"if","locations":[{"start":{"line":114,"column":4},"end":{"line":114,"column":4}},{"start":{"line":114,"column":4},"end":{"line":114,"column":4}}]},"16":{"line":130,"type":"binary-expr","locations":[{"start":{"line":130,"column":15},"end":{"line":130,"column":29}},{"start":{"line":130,"column":33},"end":{"line":130,"column":35}}]},"17":{"line":138,"type":"binary-expr","locations":[{"start":{"line":138,"column":19},"end":{"line":138,"column":37}},{"start":{"line":138,"column":41},"end":{"line":138,"column":43}}]},"18":{"line":147,"type":"if","locations":[{"start":{"line":147,"column":2},"end":{"line":147,"column":2}},{"start":{"line":147,"column":2},"end":{"line":147,"column":2}}]},"19":{"line":161,"type":"if","locations":[{"start":{"line":161,"column":2},"end":{"line":161,"column":2}},{"start":{"line":161,"column":2},"end":{"line":161,"column":2}}]},"20":{"line":167,"type":"binary-expr","locations":[{"start":{"line":167,"column":16},"end":{"line":167,"column":20}},{"start":{"line":167,"column":24},"end":{"line":167,"column":26}}]},"21":{"line":170,"type":"if","locations":[{"start":{"line":170,"column":2},"end":{"line":170,"column":2}},{"start":{"line":170,"column":2},"end":{"line":170,"column":2}}]},"22":{"line":174,"type":"if","locations":[{"start":{"line":174,"column":2},"end":{"line":174,"column":2}},{"start":{"line":174,"column":2},"end":{"line":174,"column":2}}]},"23":{"line":208,"type":"if","locations":[{"start":{"line":208,"column":2},"end":{"line":208,"column":2}},{"start":{"line":208,"column":2},"end":{"line":208,"column":2}}]},"24":{"line":210,"type":"if","locations":[{"start":{"line":210,"column":7},"end":{"line":210,"column":7}},{"start":{"line":210,"column":7},"end":{"line":210,"column":7}}]},"25":{"line":212,"type":"if","locations":[{"start":{"line":212,"column":7},"end":{"line":212,"column":7}},{"start":{"line":212,"column":7},"end":{"line":212,"column":7}}]},"26":{"line":221,"type":"binary-expr","locations":[{"start":{"line":221,"column":21},"end":{"line":221,"column":29}},{"start":{"line":221,"column":33},"end":{"line":221,"column":35}}]},"27":{"line":222,"type":"binary-expr","locations":[{"start":{"line":222,"column":12},"end":{"line":222,"column":16}},{"start":{"line":222,"column":20},"end":{"line":222,"column":22}}]},"28":{"line":223,"type":"binary-expr","locations":[{"start":{"line":223,"column":4},"end":{"line":223,"column":12}},{"start":{"line":223,"column":16},"end":{"line":223,"column":18}}]},"29":{"line":231,"type":"if","locations":[{"start":{"line":231,"column":2},"end":{"line":231,"column":2}},{"start":{"line":231,"column":2},"end":{"line":231,"column":2}}]},"30":{"line":237,"type":"if","locations":[{"start":{"line":237,"column":3},"end":{"line":237,"column":3}},{"start":{"line":237,"column":3},"end":{"line":237,"column":3}}]},"31":{"line":255,"type":"if","locations":[{"start":{"line":255,"column":3},"end":{"line":255,"column":3}},{"start":{"line":255,"column":3},"end":{"line":255,"column":3}}]},"32":{"line":257,"type":"if","locations":[{"start":{"line":257,"column":3},"end":{"line":257,"column":3}},{"start":{"line":257,"column":3},"end":{"line":257,"column":3}}]},"33":{"line":272,"type":"if","locations":[{"start":{"line":272,"column":2},"end":{"line":272,"column":2}},{"start":{"line":272,"column":2},"end":{"line":272,"column":2}}]},"34":{"line":280,"type":"if","locations":[{"start":{"line":280,"column":2},"end":{"line":280,"column":2}},{"start":{"line":280,"column":2},"end":{"line":280,"column":2}}]},"35":{"line":287,"type":"if","locations":[{"start":{"line":287,"column":3},"end":{"line":287,"column":3}},{"start":{"line":287,"column":3},"end":{"line":287,"column":3}}]},"36":{"line":292,"type":"if","locations":[{"start":{"line":292,"column":3},"end":{"line":292,"column":3}},{"start":{"line":292,"column":3},"end":{"line":292,"column":3}}]},"37":{"line":294,"type":"if","locations":[{"start":{"line":294,"column":10},"end":{"line":294,"column":10}},{"start":{"line":294,"column":10},"end":{"line":294,"column":10}}]},"38":{"line":323,"type":"cond-expr","locations":[{"start":{"line":323,"column":37},"end":{"line":323,"column":43}},{"start":{"line":323,"column":46},"end":{"line":323,"column":47}}]},"39":{"line":324,"type":"binary-expr","locations":[{"start":{"line":324,"column":9},"end":{"line":324,"column":28}},{"start":{"line":324,"column":32},"end":{"line":324,"column":57}}]},"40":{"line":328,"type":"cond-expr","locations":[{"start":{"line":328,"column":19},"end":{"line":328,"column":75}},{"start":{"line":328,"column":78},"end":{"line":328,"column":79}}]},"41":{"line":333,"type":"cond-expr","locations":[{"start":{"line":333,"column":38},"end":{"line":333,"column":47}},{"start":{"line":333,"column":50},"end":{"line":333,"column":54}}]},"42":{"line":339,"type":"if","locations":[{"start":{"line":339,"column":2},"end":{"line":339,"column":2}},{"start":{"line":339,"column":2},"end":{"line":339,"column":2}}]},"43":{"line":339,"type":"binary-expr","locations":[{"start":{"line":339,"column":6},"end":{"line":339,"column":8}},{"start":{"line":339,"column":12},"end":{"line":339,"column":51}}]},"44":{"line":346,"type":"if","locations":[{"start":{"line":346,"column":2},"end":{"line":346,"column":2}},{"start":{"line":346,"column":2},"end":{"line":346,"column":2}}]},"45":{"line":352,"type":"if","locations":[{"start":{"line":352,"column":3},"end":{"line":352,"column":3}},{"start":{"line":352,"column":3},"end":{"line":352,"column":3}}]}},"code":["var window = this;","","//special angular merge","var merge = function(x, y) {","\tif (!x || typeof x !== \"object\" ||","\t\t!y || typeof y !== \"object\")","\t\treturn y;","\tvar k;","\tif (x instanceof Array && y instanceof Array)","\t\twhile (x.length > y.length)","\t\t\tx.pop();","\telse","\t\tfor (k in x)","\t\t\tif (k[0] !== \"$\" && !(k in y))","\t\t\t\tdelete x[k];","\tfor (k in y)","\t\tx[k] = merge(x[k], y[k]);","\treturn x;","};","","var app = window.angular.module('app', []);","","app.filter('keys', function() {","\treturn Object.keys;","});","","app.filter('filename', function() {","\treturn function(path) {","\t\treturn (/\\/([^\\/]+)$/).test(path) ? RegExp.$1 : path;","\t};","});","","app.filter('bytes', function(bytes) {","\treturn bytes;","});","","app.factory('bytes', function() {","\tvar scale = ['B', 'KB', 'MB', 'GB', 'TB', 'PB'];","\treturn function(n) {","\t\tvar i = 0;","\t\tvar s = scale[i];","\t\tif (typeof n !== 'number') {","\t\t\treturn \"-\";","\t\t}","\t\twhile (n > 1000) {","\t\t\ts = scale[++i] || 'x10^' + (i * 3);","\t\t\tn = Math.round(n / 100) / 10;","\t\t}","\t\treturn \"\" + n + \" \" + s;","\t};","});","","app.directive('ngEnter', function() {","\treturn function(scope, element, attrs) {","\t\telement.bind(\"keydown keypress\", function(event) {","\t\t\tif (event.which === 13) {","\t\t\t\tscope.$apply(function() {","\t\t\t\t\tscope.$eval(attrs.ngEnter);","\t\t\t\t});","\t\t\t\tevent.preventDefault();","\t\t\t}","\t\t});","\t};","});","","//TODO remove this hack","app.directive('jpSrc', function() {","\treturn function(scope, element, attrs) {","\t\tscope.$watch(attrs.jpSrc, function(src) {","\t\t\telement.attr(\"src\", src);","\t\t});","\t};","});","","app.factory('storage', function() {","\treturn window.localStorage || {};","});","","app.factory('request', function($rootScope, $http) {","","\tvar inflight = {};","","\tvar request = $rootScope.request = {};","\trequest.ing = false;","\trequest.count = 0;","\trequest.to = function(prefix) {","\t\tprefix = '{\"e\":\"' + prefix;","\t\tfor (var k in inflight)","\t\t\tif (k.indexOf(prefix) === 0)","\t\t\t\treturn true;","\t\treturn false;","\t};","","\treturn function(endpoint, input, callback) {","\t\t//prevent multiple clicks","\t\tvar reqID = JSON.stringify({","\t\t\te: endpoint,","\t\t\ti: input","\t\t});","\t\tif (inflight[reqID])","\t\t\treturn;","\t\tinflight[reqID] = true;","\t\trequest.count++;","\t\trequest.ing = request.count > 0;","","\t\t$http.post(\"/api/\" + endpoint, input)","\t\t\t.success(function(data) {","\t\t\t\tconsole.log(\"POST OK\", endpoint);","\t\t\t\t$rootScope.err = null;","\t\t\t\tif (callback)","\t\t\t\t\tcallback(null, data);","\t\t\t}).error(function(err) {","\t\t\t\tconsole.error(\"POST ERROR\", err);","\t\t\t\tif (callback)","\t\t\t\t\tcallback(err);","\t\t\t\telse","\t\t\t\t\t$rootScope.err = err;","\t\t\t}).finally(function() {","\t\t\t\tdelete inflight[reqID];","\t\t\t\trequest.count--;","\t\t\t\trequest.ing = request.count > 0;","\t\t\t});","\t};","});","","","","app.controller(\"OmniController\", function($scope, $rootScope, storage) {","\t$rootScope.omni = $scope;","\t$scope.omni = storage.tcOmni || \"\";","","\t//edit fields","\t$scope.edit = false;","\t$scope.trackers = [{","\t\tv: \"\"","\t}];","","\t$scope.provider = storage.tcProvider || \"\";","","\t$scope.$watch(\"provider\", function(p) {","\t\tstorage.tcProvider = p;","\t\t$scope.parse();","\t});","","\t//if unset, set to first provider","\t$rootScope.$watch(\"data.providers\", function(providers) {","\t\tif ($scope.provider) return;","\t\tfor (var id in providers) break;","\t\t$scope.provider = id;","\t\t$scope.parse();","\t});","","\tvar parseTorrent = function() {","\t\t$scope.torrent = true;","\t};","","\tvar parseMagnet = function(params) {","\t\t$scope.magnet = true;","\t\tvar m = window.queryString.parse(params);","","\t\tif (!/^urn:btih:([A-Za-z0-9]+)$/.test(m.xt)) {","\t\t\t$scope.omnierr = \"Invalid Info Hash\";","\t\t\treturn;","\t\t}","","\t\t$scope.infohash = RegExp.$1;","\t\t$scope.name = m.dn || \"\";","","\t\t//no trackers :O","\t\tif (!m.tr)","\t\t\treturn;","","\t\t//force array","\t\tif (!(m.tr instanceof Array))","\t\t\tm.tr = [m.tr];","","\t\t//in place map","\t\tfor (var i = 0; i < m.tr.length; i++)","\t\t\t$scope.trackers[i] = {","\t\t\t\tv: m.tr[i]","\t\t\t};","","\t\twhile ($scope.trackers.length > m.tr.length)","\t\t\t$scope.trackers.pop();","","\t\t$scope.trackers.push({","\t\t\tv: \"\"","\t\t});","\t};","","\tvar parseSearch = function() {","\t\t$scope.search = true;","\t\twhile ($scope.results.length)","\t\t\t$scope.results.pop();","\t};","","\t$scope.parse = function() {","\t\tstorage.tcOmni = $scope.omni;","\t\t$scope.omnierr = null;","\t\t$scope.torrent = false;","\t\t$scope.magnet = false;","\t\t$scope.search = false;","\t\t$scope.page = 1;","\t\t$scope.hasMore = true;","\t\t$scope.noResults = false;","\t\t$scope.results = [];","","\t\tif (/^https?:\\/\\//.test($scope.omni))","\t\t\tparseTorrent();","\t\telse if (/^magnet:\\?(.+)$/.test($scope.omni))","\t\t\tparseMagnet(RegExp.$1);","\t\telse if ($scope.omni)","\t\t\tparseSearch();","\t\telse","\t\t\t$scope.edit = false;","\t};","\t$scope.parse();","","\tvar magnetURI = function(name, infohash, trackers) {","\t\treturn \"magnet:?\" +","\t\t\t\"xt=urn:btih:\" + (infohash || '') + \"&\" +","\t\t\t\"dn=\" + (name || '').replace(/\\W/g, '').replace(/\\s+/g, '+') +","\t\t\t(trackers || []).map(function(t) {","\t\t\t\treturn \"&tr=\" + encodeURIComponent(t.v);","\t\t\t}).join('');","\t};","","\t$scope.stringify = function() {","\t\t$scope.omnierr = null;","","\t\tif (!/^[A-Za-z0-9]+$/.test($scope.infohash)) {","\t\t\t$scope.omnierr = \"Invalid Info Hash\";","\t\t\treturn;","\t\t}","","\t\tfor (var i = 0; i < $scope.trackers.length;)","\t\t\tif (!$scope.trackers[i].v)","\t\t\t\t$scope.trackers.splice(i, 1);","\t\t\telse","\t\t\t\ti++;","","\t\t$scope.omni = magnetURI($scope.name, $scope.infohash, $scope.trackers);","","\t\t$scope.trackers.push({","\t\t\tv: \"\"","\t\t});","\t};","","\t$scope.searchList = function() {","\t\t$scope.searchAPI(\"list\", {","\t\t\tprovider: $scope.provider,","\t\t\tquery: $scope.omni,","\t\t\tpage: $scope.page","\t\t}, function(err, results) {","\t\t\tif (err)","\t\t\t\treturn $scope.omnierr = err;","\t\t\tif (results.length === 0) {","\t\t\t\t$scope.noResults = true;","\t\t\t\t$scope.hasMore = false;","\t\t\t\treturn;","\t\t\t}","\t\t\tfor (var i = 0; i < results.length; i++) {","\t\t\t\t$scope.results.push(results[i]);","\t\t\t}","\t\t\t$scope.page++;","\t\t});","\t};","","\t$scope.searchLoad = function(result) {","","\t\t//if search item has magnet, download now!","\t\tif (result.magnet) {","\t\t\t$scope.torrentsAPI(\"load\", {","\t\t\t\tmagnet: result.magnet","\t\t\t});","\t\t\treturn;","\t\t}","","\t\t//else, look it up via url","\t\tif (!result.url)","\t\t\treturn $scope.omnierr = \"No URL found\";","","\t\t$scope.searchAPI(\"item\", {","\t\t\tprovider: $scope.provider,","\t\t\turl: result.url","\t\t}, function(err, data) {","\t\t\tif (err)","\t\t\t\treturn $scope.omnierr = err;","","\t\t\tvar load = {};","","\t\t\tif (data.magnet) {","\t\t\t\tload.magnet = data.magnet;","\t\t\t} else if (data.infohash) {","\t\t\t\tload.magnet = magnetURI(result.name, data.infohash, [{","\t\t\t\t\tv: data.tracker","\t\t\t\t}]);","\t\t\t} else {","\t\t\t\t$scope.omnierr = \"No magnet or infohash found\";","\t\t\t\treturn;","\t\t\t}","","\t\t\t$scope.torrentsAPI(\"load\", load);","\t\t});","\t};","});","","//RootController","app.run(function($rootScope, request) {","","\tvar $scope = window.scope = $rootScope;","\t$scope.data = {};","","\t$scope.searchAPI = function(method, input, callback) {","\t\trequest(\"search/\" + method, input, callback);","\t};","","\t$scope.torrentsAPI = function(method, input) {","\t\trequest(\"torrents/\" + method, input);","\t};","","\t$scope.uploaded = function(f) {","\t\tvar path = typeof f === \"object\" ? f.path : f;","\t\treturn $scope.data.uploads && $scope.data.uploads[path];","\t};","","\t$scope.sumFiles = function(t) {","\t\treturn t.files ? t.files.reduce(function(s, f) { return s+f.length; }, 0) : 0;","\t};","","\t$scope.previews = {};","\t$scope.ext = function(path) {","\t\treturn (/\\.([^\\.]+)$/).test(path) ? RegExp.$1 : null;","\t};","","\tvar ws;","\t//websocket keep alive","\tsetInterval(function() {","\t\tif (ws && ws.readyState === window.WebSocket.OPEN)","\t\t\tws.send(\"ping\");","\t}, 30 * 1000);","\t//websocket auto reconnect","\t(function reconnect() {","","\t\t//reset backoff timer","\t\tif(!reconnect.t) ","\t\t\treconnect.t = 100;","","\t\tvar url = window.location.origin.replace(\"http\", \"ws\");","\t\tws = new window.WebSocket(url);","\t\tws.onmessage = function(e) {","\t\t\tif (e.data === \"ping\") return;","\t\t\tvar data = JSON.parse(e.data);","\t\t\tmerge($scope.data, data);","\t\t\t$scope.$apply();","\t\t};","\t\tws.onerror = function(err) {","\t\t\t//noop","\t\t};","\t\tws.onopen = function() {","\t\t\tconsole.log(\"connected\");","\t\t\t$scope.$apply(function() {","\t\t\t\t$scope.connected = true;","\t\t\t});","\t\t\treconnect.t = 100;","\t\t};","\t\tws.onclose = function() {","\t\t\t$scope.$apply(function() {","\t\t\t\t$scope.connected = false;","\t\t\t});","\t\t\treconnect.t *= 2;","\t\t\tsetTimeout(reconnect, reconnect.t);","\t\t\tconsole.log(\"disconnected, reconnecting in %sms\",reconnect.t);","\t\t};","\t})();","});"],"l":{"1":2,"4":2,"5":0,"7":0,"8":0,"9":0,"10":0,"11":0,"13":0,"14":0,"15":0,"16":0,"17":0,"18":0,"21":2,"23":0,"24":0,"27":0,"28":0,"29":0,"33":0,"34":0,"37":0,"38":0,"39":0,"40":0,"41":0,"42":0,"43":0,"45":0,"46":0,"47":0,"49":0,"53":0,"54":0,"55":0,"56":0,"57":0,"58":0,"60":0,"67":0,"68":0,"69":0,"70":0,"75":0,"76":0,"79":0,"81":0,"83":0,"84":0,"85":0,"86":0,"87":0,"88":0,"89":0,"90":0,"91":0,"94":0,"96":0,"100":0,"101":0,"102":0,"103":0,"104":0,"106":0,"108":0,"109":0,"110":0,"111":0,"113":0,"114":0,"115":0,"117":0,"119":0,"120":0,"121":0,"128":0,"129":0,"130":0,"133":0,"134":0,"138":0,"140":0,"141":0,"142":0,"146":0,"147":0,"148":0,"149":0,"150":0,"153":0,"154":0,"157":0,"158":0,"159":0,"161":0,"162":0,"163":0,"166":0,"167":0,"170":0,"171":0,"174":0,"175":0,"178":0,"179":0,"183":0,"184":0,"186":0,"191":0,"192":0,"193":0,"194":0,"197":0,"198":0,"199":0,"200":0,"201":0,"202":0,"203":0,"204":0,"205":0,"206":0,"208":0,"209":0,"210":0,"211":0,"212":0,"213":0,"215":0,"217":0,"219":0,"220":0,"224":0,"228":0,"229":0,"231":0,"232":0,"233":0,"236":0,"237":0,"238":0,"240":0,"242":0,"244":0,"249":0,"250":0,"255":0,"256":0,"257":0,"258":0,"259":0,"260":0,"262":0,"263":0,"265":0,"269":0,"272":0,"273":0,"276":0,"280":0,"281":0,"283":0,"287":0,"288":0,"290":0,"292":0,"293":0,"294":0,"295":0,"299":0,"300":0,"303":0,"309":0,"311":0,"312":0,"314":0,"315":0,"318":0,"319":0,"322":0,"323":0,"324":0,"327":0,"328":0,"331":0,"332":0,"333":0,"336":0,"338":0,"339":0,"340":0,"343":0,"346":0,"347":0,"349":0,"350":0,"351":0,"352":0,"353":0,"354":0,"355":0,"357":0,"360":0,"361":0,"362":0,"363":0,"365":0,"367":0,"368":0,"369":0,"371":0,"372":0,"373":0}},"/home/travis/build/npmtest/node-npmtest-torrent-cloud/node_modules/torrent-cloud/lib/backends/_template.js":{"path":"/home/travis/build/npmtest/node-npmtest-torrent-cloud/node_modules/torrent-cloud/lib/backends/_template.js","s":{"1":1,"2":1,"3":0,"4":1,"5":0,"6":1,"7":0,"8":1,"9":0},"b":{},"f":{"1":0,"2":0,"3":0,"4":0},"fnMap":{"1":{"name":"(anonymous_1)","line":6,"loc":{"start":{"line":6,"column":15},"end":{"line":6,"column":32}}},"2":{"name":"(anonymous_2)","line":11,"loc":{"start":{"line":11,"column":17},"end":{"line":11,"column":49}}},"3":{"name":"(anonymous_3)","line":26,"loc":{"start":{"line":26,"column":15},"end":{"line":26,"column":34}}},"4":{"name":"(anonymous_4)","line":40,"loc":{"start":{"line":40,"column":17},"end":{"line":40,"column":42}}}},"statementMap":{"1":{"start":{"line":3,"column":0},"end":{"line":3,"column":40}},"2":{"start":{"line":6,"column":0},"end":{"line":8,"column":2}},"3":{"start":{"line":7,"column":1},"end":{"line":7,"column":16}},"4":{"start":{"line":11,"column":0},"end":{"line":23,"column":2}},"5":{"start":{"line":22,"column":1},"end":{"line":22,"column":16}},"6":{"start":{"line":26,"column":0},"end":{"line":37,"column":2}},"7":{"start":{"line":27,"column":1},"end":{"line":36,"column":4}},"8":{"start":{"line":40,"column":0},"end":{"line":42,"column":2}},"9":{"start":{"line":41,"column":1},"end":{"line":41,"column":16}}},"branchMap":{},"code":["","//this backend will be used if *all* of these env 'vars' are present","exports.vars = [\"MY_VAR_1\", \"MY_VAR_2\"];","","//if these 'vars' are present, 'init' will be called on module load","exports.init = function(config) {","\tconfig.MY_VAR_1","};","","//upload will be called to upload a downloading torrent file","exports.upload = function(torrentFile, callback) {","\t//torrentFile is an object, with properties:","\t//\tpath - string","\t//\tlength - length of file (IMPORTANT: when zipping all files,","\t// \t\t\twe don't know exact length, so always try to use multipart uploads where length","\t//\t\t\tis not required, else buffer the file)","\t//\tcreateReadStream - function() begins to download file, returns a stream object","\t//\t\t\t\t\t\tyou must handle the \"error\" event!","\t//\t\t\t\t(note: stream staggered to prevent backlog from slow uploads)","\t","\t//callback when stream has been fully uploaded","\tcallback(null);","};","","//list will be called to list all stored files","exports.list = function(callback) {","\tcallback(null, {","\t\t//original path to file (torrentFile.path)","\t\t\"path1\": {","\t\t\tlength: 0, //total length of file in bytes","\t\t\turl: \"\" //public url to file","\t\t},","\t\t\"path2\": {","\t\t\t//...","\t\t}","\t});","};","","//removes a file at the given path (will be torrentFile.path)","exports.remove = function(path, callback) {","\tcallback(null);","};"],"l":{"3":1,"6":1,"7":0,"11":1,"22":0,"26":1,"27":0,"40":1,"41":0}}}